2023-12-17 15:13:26 [INFO]: Connection has been established successfully.
2023-12-17 15:14:15 [INFO]: Connection has been established successfully.
2023-12-17 15:16:12 [INFO]: Connection has been established successfully.
2023-12-17 15:16:34 [INFO]: Connection has been established successfully.
2023-12-17 15:16:54 [INFO]: Connection has been established successfully.
2023-12-17 15:19:47 [INFO]: Connection has been established successfully.
2023-12-17 15:20:40 [INFO]: Connection has been established successfully.
2023-12-17 15:21:13 [INFO]: App running on port 3000...
2023-12-17 15:21:13 [INFO]: Connection has been established successfully.
2023-12-17 15:21:34 [INFO]: App running on port 3000...
2023-12-17 15:21:34 [INFO]: Connection to database has been established successfully.
2023-12-17 15:33:22 [INFO]: App running on port 3000...
2023-12-17 15:33:22 [INFO]: Connection to database has been established successfully.
2023-12-17 15:36:24 [INFO]: App running on port 3000...
2023-12-17 15:36:24 [ERROR]: Unable to connect to the database:  databaseLogger is not defined
2023-12-17 15:36:53 [INFO]: App running on port 3000...
2023-12-17 15:36:53 [INFO]: Connection to database has been established successfully.
2023-12-17 15:38:03 [INFO]: App running on port 3000...
2023-12-17 15:38:04 [INFO]: Executing (default): SELECT 1+1 AS result
2023-12-17 15:38:04 [INFO]: Connection to database has been established successfully.
2023-12-17 15:38:40 [INFO]: App running on port 3000...
2023-12-17 15:38:40 [INFO]: SQL Query: Executing (default): SELECT 1+1 AS result
2023-12-17 15:38:40 [INFO]: Execution Time: [object Object]ms
2023-12-17 15:38:40 [INFO]: Connection to database has been established successfully.
2023-12-17 15:39:28 [INFO]: App running on port 3000...
2023-12-17 15:39:28 [INFO]: SQL Query: Executing (default): SELECT 1+1 AS result
2023-12-17 15:39:28 [INFO]: Connection to database has been established successfully.
2023-12-17 15:42:29 [INFO]: App running on port 3000...
2023-12-17 15:42:29 [INFO]: SQL Query: Executing (default): SELECT 1+1 AS result
2023-12-17 15:42:29 [INFO]: Connection to database has been established successfully.
2023-12-17 15:44:49 [INFO]: App running on port 3000...
2023-12-17 15:44:49 [INFO]: SQL Query: Executing (default): SELECT 1+1 AS result
2023-12-17 15:44:49 [INFO]: Connection to database has been established successfully.
2023-12-17 15:45:36 [INFO]: App running on port 3000...
2023-12-17 15:45:36 [INFO]: SQL Query: Executing (default): SELECT 1+1 AS result
2023-12-17 15:45:36 [INFO]: Connection to database has been established successfully.
2023-12-17 15:45:44 [INFO]: App running on port 3000...
2023-12-17 15:45:44 [INFO]: SQL Query: Executing (default): SELECT 1+1 AS result
2023-12-17 15:45:44 [INFO]: Connection to database has been established successfully.
2023-12-17 15:45:49 [INFO]: App running on port 3000...
2023-12-17 15:45:49 [INFO]: SQL Query: Executing (default): SELECT 1+1 AS result
2023-12-17 15:45:49 [INFO]: Connection to database has been established successfully.
2023-12-17 17:16:34 [INFO]: App running on port 3000...
2023-12-17 17:16:34 [INFO]: SQL Query: Executing (default): SELECT 1+1 AS result
2023-12-17 17:16:34 [INFO]: Connection to database has been established successfully.
2023-12-17 17:22:14 [INFO]: App running on port 3000...
2023-12-17 17:22:14 [INFO]: SQL Query: Executing (default): SELECT 1+1 AS result
2023-12-17 17:22:14 [INFO]: Connection to database has been established successfully.
2023-12-17 17:22:35 [INFO]: App running on port 3000...
2023-12-17 17:22:36 [INFO]: SQL Query: Executing (default): SELECT 1+1 AS result
2023-12-17 17:22:36 [INFO]: Connection to database has been established successfully.
2023-12-17 17:23:35 [INFO]: App running on port 3000...
2023-12-17 17:23:35 [INFO]: SQL Query: Executing (default): SELECT 1+1 AS result
2023-12-17 17:23:35 [INFO]: Connection to database has been established successfully.
2023-12-17 17:24:11 [INFO]: App running on port 3000...
2023-12-17 17:24:11 [INFO]: SQL Query: Executing (default): SELECT 1+1 AS result
2023-12-17 17:24:11 [INFO]: Connection to database has been established successfully.
2023-12-17 17:27:21 [INFO]: App running on port 3000...
2023-12-17 17:27:22 [INFO]: SQL Query: Executing (default): SELECT 1+1 AS result
2023-12-17 17:27:22 [INFO]: Connection to database has been established successfully.
