2024-03-07 14:42:15 [ERROR]: Error creating Service table: connect ETIMEDOUT
2024-03-07 14:48:13 [ERROR]: Error creating Service table: connect ETIMEDOUT
2024-03-07 14:50:20 [ERROR]: Error creating Service table: connect ETIMEDOUT
2024-03-07 14:56:15 [ERROR]: Error creating Service table: connect ETIMEDOUT
2024-03-07 14:57:15 [ERROR]: Error creating Service table: connect ETIMEDOUT
2024-03-07 14:59:52 [ERROR]: Error creating Service table: connect ETIMEDOUT
2024-03-07 15:02:46 [INFO]: App running on port 3000...
2024-03-07 15:02:56 [ERROR]: Unable to connect to the database:  connect ETIMEDOUT
2024-03-07 15:03:20 [INFO]: App running on port 3000...
2024-03-07 15:03:30 [ERROR]: Unable to connect to the database:  connect ETIMEDOUT
2024-03-07 15:05:53 [INFO]: App running on port 3000...
2024-03-07 15:05:53 [INFO]: SQL Query: Executing (default): SELECT 1+1 AS result
2024-03-07 15:05:53 [INFO]: SQL Query: Executing (default): SELECT TABLE_NAME FROM INFORMATION_SCHEMA.TABLES WHERE TABLE_TYPE = 'BASE TABLE' AND TABLE_NAME = 'ClientHistories' AND TABLE_SCHEMA = 'laundry_project_db'
2024-03-07 15:05:53 [INFO]: SQL Query: Executing (default): SELECT TABLE_NAME FROM INFORMATION_SCHEMA.TABLES WHERE TABLE_TYPE = 'BASE TABLE' AND TABLE_NAME = 'BranchHistories' AND TABLE_SCHEMA = 'laundry_project_db'
2024-03-07 15:05:53 [INFO]: SQL Query: Executing (default): SELECT TABLE_NAME FROM INFORMATION_SCHEMA.TABLES WHERE TABLE_TYPE = 'BASE TABLE' AND TABLE_NAME = 'UserHistories' AND TABLE_SCHEMA = 'laundry_project_db'
2024-03-07 15:05:53 [INFO]: SQL Query: Executing (default): SELECT TABLE_NAME FROM INFORMATION_SCHEMA.TABLES WHERE TABLE_TYPE = 'BASE TABLE' AND TABLE_NAME = 'OperatorHistories' AND TABLE_SCHEMA = 'laundry_project_db'
2024-03-07 15:05:53 [INFO]: SQL Query: Executing (default): SELECT TABLE_NAME FROM INFORMATION_SCHEMA.TABLES WHERE TABLE_TYPE = 'BASE TABLE' AND TABLE_NAME = 'Operators' AND TABLE_SCHEMA = 'laundry_project_db'
2024-03-07 15:05:53 [INFO]: Connection to database has been established successfully.
2024-03-07 15:05:53 [INFO]: SQL Query: Executing (default): SELECT TABLE_NAME FROM INFORMATION_SCHEMA.TABLES WHERE TABLE_TYPE = 'BASE TABLE' AND TABLE_NAME = 'ServiceHistories' AND TABLE_SCHEMA = 'laundry_project_db'
2024-03-07 15:05:53 [INFO]: SQL Query: Executing (default): DROP TABLE IF EXISTS `ClothesTypeHistories`;
2024-03-07 15:05:53 [INFO]: SQL Query: Executing (default): SELECT TABLE_NAME FROM INFORMATION_SCHEMA.TABLES WHERE TABLE_TYPE = 'BASE TABLE' AND TABLE_NAME = 'ServicePreferenceHistories' AND TABLE_SCHEMA = 'laundry_project_db'
2024-03-07 15:05:53 [INFO]: SQL Query: Executing (default): SELECT TABLE_NAME FROM INFORMATION_SCHEMA.TABLES WHERE TABLE_TYPE = 'BASE TABLE' AND TABLE_NAME = 'ServiceOptionHistories' AND TABLE_SCHEMA = 'laundry_project_db'
2024-03-07 15:05:53 [INFO]: SQL Query: Executing (default): SELECT TABLE_NAME FROM INFORMATION_SCHEMA.TABLES WHERE TABLE_TYPE = 'BASE TABLE' AND TABLE_NAME = 'DeliveryTypeHistories' AND TABLE_SCHEMA = 'laundry_project_db'
2024-03-07 15:05:53 [INFO]: SQL Query: Executing (default): SELECT TABLE_NAME FROM INFORMATION_SCHEMA.TABLES WHERE TABLE_TYPE = 'BASE TABLE' AND TABLE_NAME = 'ItemServiceHistories' AND TABLE_SCHEMA = 'laundry_project_db'
2024-03-07 15:05:53 [INFO]: SQL Query: Executing (default): SELECT TABLE_NAME FROM INFORMATION_SCHEMA.TABLES WHERE TABLE_TYPE = 'BASE TABLE' AND TABLE_NAME = 'OrderHistories' AND TABLE_SCHEMA = 'laundry_project_db'
2024-03-07 15:05:53 [INFO]: SQL Query: Executing (default): SELECT TABLE_NAME FROM INFORMATION_SCHEMA.TABLES WHERE TABLE_TYPE = 'BASE TABLE' AND TABLE_NAME = 'LocationHistories' AND TABLE_SCHEMA = 'laundry_project_db'
2024-03-07 15:05:53 [INFO]: SQL Query: Executing (default): SELECT TABLE_NAME FROM INFORMATION_SCHEMA.TABLES WHERE TABLE_TYPE = 'BASE TABLE' AND TABLE_NAME = 'DeliveryRoutingHistories' AND TABLE_SCHEMA = 'laundry_project_db'
2024-03-07 15:05:53 [INFO]: SQL Query: Executing (default): SELECT TABLE_NAME FROM INFORMATION_SCHEMA.TABLES WHERE TABLE_TYPE = 'BASE TABLE' AND TABLE_NAME = 'DeliveryPointHistories' AND TABLE_SCHEMA = 'laundry_project_db'
2024-03-07 15:05:53 [INFO]: SQL Query: Executing (default): SELECT TABLE_NAME FROM INFORMATION_SCHEMA.TABLES WHERE TABLE_TYPE = 'BASE TABLE' AND TABLE_NAME = 'DeliveryWorkerHistories' AND TABLE_SCHEMA = 'laundry_project_db'
2024-03-07 15:05:53 [INFO]: SQL Query: Executing (default): SELECT TABLE_NAME FROM INFORMATION_SCHEMA.TABLES WHERE TABLE_TYPE = 'BASE TABLE' AND TABLE_NAME = 'InvoiceHistories' AND TABLE_SCHEMA = 'laundry_project_db'
2024-03-07 15:05:53 [INFO]: SQL Query: Executing (default): SELECT TABLE_NAME FROM INFORMATION_SCHEMA.TABLES WHERE TABLE_TYPE = 'BASE TABLE' AND TABLE_NAME = 'InvoiceItemHistories' AND TABLE_SCHEMA = 'laundry_project_db'
2024-03-07 15:05:53 [INFO]: SQL Query: Executing (default): SELECT TABLE_NAME FROM INFORMATION_SCHEMA.TABLES WHERE TABLE_TYPE = 'BASE TABLE' AND TABLE_NAME = 'Users' AND TABLE_SCHEMA = 'laundry_project_db'
2024-03-07 15:05:53 [INFO]: SQL Query: Executing (default): SELECT TABLE_NAME FROM INFORMATION_SCHEMA.TABLES WHERE TABLE_TYPE = 'BASE TABLE' AND TABLE_NAME = 'Clients' AND TABLE_SCHEMA = 'laundry_project_db'
2024-03-07 15:05:53 [INFO]: SQL Query: Executing (default): SELECT TABLE_NAME FROM INFORMATION_SCHEMA.TABLES WHERE TABLE_TYPE = 'BASE TABLE' AND TABLE_NAME = 'Branches' AND TABLE_SCHEMA = 'laundry_project_db'
2024-03-07 15:05:53 [INFO]: SQL Query: Executing (default): SELECT TABLE_NAME FROM INFORMATION_SCHEMA.TABLES WHERE TABLE_TYPE = 'BASE TABLE' AND TABLE_NAME = 'DeliveryTypes' AND TABLE_SCHEMA = 'laundry_project_db'
2024-03-07 15:05:53 [INFO]: SQL Query: Executing (default): SELECT TABLE_NAME FROM INFORMATION_SCHEMA.TABLES WHERE TABLE_TYPE = 'BASE TABLE' AND TABLE_NAME = 'ServiceOptions' AND TABLE_SCHEMA = 'laundry_project_db'
2024-03-07 15:05:53 [INFO]: SQL Query: Executing (default): SELECT TABLE_NAME FROM INFORMATION_SCHEMA.TABLES WHERE TABLE_TYPE = 'BASE TABLE' AND TABLE_NAME = 'ServicePreferences' AND TABLE_SCHEMA = 'laundry_project_db'
2024-03-07 15:05:53 [INFO]: SQL Query: Executing (default): SELECT TABLE_NAME FROM INFORMATION_SCHEMA.TABLES WHERE TABLE_TYPE = 'BASE TABLE' AND TABLE_NAME = 'ClothesTypes' AND TABLE_SCHEMA = 'laundry_project_db'
2024-03-07 15:05:53 [INFO]: SQL Query: Executing (default): SELECT TABLE_NAME FROM INFORMATION_SCHEMA.TABLES WHERE TABLE_TYPE = 'BASE TABLE' AND TABLE_NAME = 'Services' AND TABLE_SCHEMA = 'laundry_project_db'
2024-03-07 15:05:53 [INFO]: SQL Query: Executing (default): SELECT TABLE_NAME FROM INFORMATION_SCHEMA.TABLES WHERE TABLE_TYPE = 'BASE TABLE' AND TABLE_NAME = 'ItemServices' AND TABLE_SCHEMA = 'laundry_project_db'
2024-03-07 15:05:53 [INFO]: SQL Query: Executing (default): SELECT TABLE_NAME FROM INFORMATION_SCHEMA.TABLES WHERE TABLE_TYPE = 'BASE TABLE' AND TABLE_NAME = 'Orders' AND TABLE_SCHEMA = 'laundry_project_db'
2024-03-07 15:05:53 [INFO]: SQL Query: Executing (default): SELECT TABLE_NAME FROM INFORMATION_SCHEMA.TABLES WHERE TABLE_TYPE = 'BASE TABLE' AND TABLE_NAME = 'Locations' AND TABLE_SCHEMA = 'laundry_project_db'
2024-03-07 15:05:53 [INFO]: SQL Query: Executing (default): SELECT TABLE_NAME FROM INFORMATION_SCHEMA.TABLES WHERE TABLE_TYPE = 'BASE TABLE' AND TABLE_NAME = 'DeliveryRoutings' AND TABLE_SCHEMA = 'laundry_project_db'
2024-03-07 15:05:53 [INFO]: SQL Query: Executing (default): SELECT TABLE_NAME FROM INFORMATION_SCHEMA.TABLES WHERE TABLE_TYPE = 'BASE TABLE' AND TABLE_NAME = 'DeliveryPoints' AND TABLE_SCHEMA = 'laundry_project_db'
2024-03-07 15:05:53 [INFO]: SQL Query: Executing (default): SELECT TABLE_NAME FROM INFORMATION_SCHEMA.TABLES WHERE TABLE_TYPE = 'BASE TABLE' AND TABLE_NAME = 'DeliveryWorkers' AND TABLE_SCHEMA = 'laundry_project_db'
2024-03-07 15:05:53 [INFO]: SQL Query: Executing (default): SELECT TABLE_NAME FROM INFORMATION_SCHEMA.TABLES WHERE TABLE_TYPE = 'BASE TABLE' AND TABLE_NAME = 'Invoices' AND TABLE_SCHEMA = 'laundry_project_db'
2024-03-07 15:05:53 [INFO]: SQL Query: Executing (default): SELECT TABLE_NAME FROM INFORMATION_SCHEMA.TABLES WHERE TABLE_TYPE = 'BASE TABLE' AND TABLE_NAME = 'InvoiceItems' AND TABLE_SCHEMA = 'laundry_project_db'
2024-03-07 15:05:53 [INFO]: SQL Query: Executing (default): SHOW INDEX FROM `UserHistories`
2024-03-07 15:05:53 [INFO]: SQL Query: Executing (default): SHOW INDEX FROM `OperatorHistories`
2024-03-07 15:05:53 [INFO]: SQL Query: Executing (default): SHOW INDEX FROM `ClientHistories`
2024-03-07 15:05:53 [INFO]: SQL Query: Executing (default): SHOW INDEX FROM `BranchHistories`
2024-03-07 15:05:53 [INFO]: SQL Query: Executing (default): SHOW INDEX FROM `Operators`
2024-03-07 15:05:53 [INFO]: SQL Query: Executing (default): SHOW INDEX FROM `ServiceHistories`
2024-03-07 15:05:53 [INFO]: Branch History Database synchronized
2024-03-07 15:05:53 [INFO]: SQL Query: Executing (default): SHOW INDEX FROM `ServicePreferenceHistories`
2024-03-07 15:05:53 [INFO]: Operator History Database synchronized
2024-03-07 15:05:53 [INFO]: SQL Query: Executing (default): SHOW INDEX FROM `ServiceOptionHistories`
2024-03-07 15:05:53 [INFO]: Client History Database synchronized
2024-03-07 15:05:53 [INFO]: SQL Query: Executing (default): SHOW INDEX FROM `DeliveryTypeHistories`
2024-03-07 15:05:53 [INFO]: User History Database synchronized
2024-03-07 15:05:53 [INFO]: SQL Query: Executing (default): SHOW INDEX FROM `ItemServiceHistories`
2024-03-07 15:05:53 [INFO]: Operator table created (if not exists) successfully
2024-03-07 15:05:53 [INFO]: SQL Query: Executing (default): SHOW INDEX FROM `OrderHistories`
2024-03-07 15:05:53 [INFO]: Service History Database synchronized
2024-03-07 15:05:53 [INFO]: SQL Query: Executing (default): SHOW INDEX FROM `LocationHistories`
2024-03-07 15:05:53 [INFO]: ServicePreference History Database synchronized
2024-03-07 15:05:53 [INFO]: SQL Query: Executing (default): SHOW INDEX FROM `DeliveryRoutingHistories`
2024-03-07 15:05:53 [INFO]: ServiceOption History Database synchronized
2024-03-07 15:05:53 [INFO]: SQL Query: Executing (default): SHOW INDEX FROM `DeliveryPointHistories`
2024-03-07 15:05:53 [INFO]: DeliveryType History Database synchronized
2024-03-07 15:05:53 [INFO]: SQL Query: Executing (default): SHOW INDEX FROM `DeliveryWorkerHistories`
2024-03-07 15:05:53 [INFO]: ItemService History Database synchronized
2024-03-07 15:05:53 [INFO]: SQL Query: Executing (default): SHOW INDEX FROM `InvoiceHistories`
2024-03-07 15:05:53 [INFO]: Order History Database synchronized
2024-03-07 15:05:53 [INFO]: SQL Query: Executing (default): SHOW INDEX FROM `InvoiceItemHistories`
2024-03-07 15:05:53 [INFO]: Location History Database synchronized
2024-03-07 15:05:53 [INFO]: SQL Query: Executing (default): SHOW INDEX FROM `Users`
2024-03-07 15:05:53 [INFO]: DeliveryRouting History Database synchronized
2024-03-07 15:05:53 [INFO]: SQL Query: Executing (default): SHOW INDEX FROM `Clients`
2024-03-07 15:05:53 [INFO]: DeliveryPoint History Database synchronized
2024-03-07 15:05:53 [INFO]: SQL Query: Executing (default): SHOW INDEX FROM `Branches`
2024-03-07 15:05:53 [INFO]: DeliveryWorker History Database synchronized
2024-03-07 15:05:53 [INFO]: SQL Query: Executing (default): SHOW INDEX FROM `DeliveryTypes`
2024-03-07 15:05:53 [INFO]: Invoice History Database synchronized
2024-03-07 15:05:53 [INFO]: SQL Query: Executing (default): SHOW INDEX FROM `ServiceOptions`
2024-03-07 15:05:53 [INFO]: InvoiceItem History Database synchronized
2024-03-07 15:05:53 [INFO]: SQL Query: Executing (default): SHOW INDEX FROM `ServicePreferences`
2024-03-07 15:05:53 [INFO]: Client table created (if not exists) successfully
2024-03-07 15:05:53 [INFO]: SQL Query: Executing (default): SHOW INDEX FROM `ClothesTypes`
2024-03-07 15:05:53 [INFO]: User table created (if not exists) successfully
2024-03-07 15:05:53 [INFO]: SQL Query: Executing (default): SHOW INDEX FROM `Services`
2024-03-07 15:05:53 [INFO]: DeliveryType table created (if not exists) successfully
2024-03-07 15:05:53 [INFO]: SQL Query: Executing (default): SHOW INDEX FROM `ItemServices`
2024-03-07 15:05:53 [INFO]: ServiceOption table created (if not exists) successfully
2024-03-07 15:05:53 [INFO]: SQL Query: Executing (default): SHOW INDEX FROM `Orders`
2024-03-07 15:05:53 [INFO]: Branch table created (if not exists) successfully
2024-03-07 15:05:53 [INFO]: SQL Query: Executing (default): SHOW INDEX FROM `Locations`
2024-03-07 15:05:53 [INFO]: ServicePreference table created (if not exists) successfully
2024-03-07 15:05:53 [INFO]: SQL Query: Executing (default): SHOW INDEX FROM `DeliveryRoutings`
2024-03-07 15:05:53 [INFO]: ClothesType table created (if not exists) successfully
2024-03-07 15:05:53 [INFO]: SQL Query: Executing (default): SHOW INDEX FROM `DeliveryPoints`
2024-03-07 15:05:53 [INFO]: ItemService table created (if not exists) successfully
2024-03-07 15:05:53 [INFO]: SQL Query: Executing (default): SHOW INDEX FROM `DeliveryWorkers`
2024-03-07 15:05:53 [INFO]: Service table created (if not exists) successfully
2024-03-07 15:05:53 [INFO]: SQL Query: Executing (default): SHOW INDEX FROM `Invoices`
2024-03-07 15:05:53 [INFO]: DeliveryRouting table created (if not exists) successfully
2024-03-07 15:05:53 [INFO]: SQL Query: Executing (default): SHOW INDEX FROM `InvoiceItems`
2024-03-07 15:05:53 [INFO]: Location table created (if not exists) successfully
2024-03-07 15:05:53 [INFO]: SQL Query: Executing (default): CREATE TABLE IF NOT EXISTS `ClothesTypeHistories` (`id` INTEGER NOT NULL auto_increment , `clothesTypeId` CHAR(36) BINARY NOT NULL, `action` VARCHAR(255) NOT NULL, `changes` JSON, `previousData` JSON, `timestamp` DATETIME NOT NULL, `createdAt` DATETIME NOT NULL, `updatedAt` DATETIME NOT NULL, PRIMARY KEY (`id`)) ENGINE=InnoDB;
2024-03-07 15:05:53 [INFO]: Order table created (if not exists) successfully
2024-03-07 15:05:53 [INFO]: DeliveryPoint table created (if not exists) successfully
2024-03-07 15:05:53 [INFO]: DeliveryWorker table created (if not exists) successfully
2024-03-07 15:05:53 [INFO]: Invoice table created (if not exists) successfully
2024-03-07 15:05:53 [INFO]: InvoiceItem table created (if not exists) successfully
2024-03-07 15:05:53 [INFO]: SQL Query: Executing (default): SHOW INDEX FROM `ClothesTypeHistories`
2024-03-07 15:05:53 [INFO]: ClothesType History Database synchronized
2024-03-07 15:06:04 [INFO]: App running on port 3000...
2024-03-07 15:06:04 [INFO]: SQL Query: Executing (default): SELECT 1+1 AS result
2024-03-07 15:06:04 [INFO]: SQL Query: Executing (default): SELECT TABLE_NAME FROM INFORMATION_SCHEMA.TABLES WHERE TABLE_TYPE = 'BASE TABLE' AND TABLE_NAME = 'ClientHistories' AND TABLE_SCHEMA = 'laundry_project_db'
2024-03-07 15:06:04 [INFO]: SQL Query: Executing (default): SELECT TABLE_NAME FROM INFORMATION_SCHEMA.TABLES WHERE TABLE_TYPE = 'BASE TABLE' AND TABLE_NAME = 'BranchHistories' AND TABLE_SCHEMA = 'laundry_project_db'
2024-03-07 15:06:04 [INFO]: SQL Query: Executing (default): SELECT TABLE_NAME FROM INFORMATION_SCHEMA.TABLES WHERE TABLE_TYPE = 'BASE TABLE' AND TABLE_NAME = 'UserHistories' AND TABLE_SCHEMA = 'laundry_project_db'
2024-03-07 15:06:04 [INFO]: SQL Query: Executing (default): SELECT TABLE_NAME FROM INFORMATION_SCHEMA.TABLES WHERE TABLE_TYPE = 'BASE TABLE' AND TABLE_NAME = 'OperatorHistories' AND TABLE_SCHEMA = 'laundry_project_db'
2024-03-07 15:06:04 [INFO]: Connection to database has been established successfully.
2024-03-07 15:06:04 [INFO]: SQL Query: Executing (default): SELECT TABLE_NAME FROM INFORMATION_SCHEMA.TABLES WHERE TABLE_TYPE = 'BASE TABLE' AND TABLE_NAME = 'Operators' AND TABLE_SCHEMA = 'laundry_project_db'
2024-03-07 15:06:04 [INFO]: SQL Query: Executing (default): SELECT TABLE_NAME FROM INFORMATION_SCHEMA.TABLES WHERE TABLE_TYPE = 'BASE TABLE' AND TABLE_NAME = 'ServiceHistories' AND TABLE_SCHEMA = 'laundry_project_db'
2024-03-07 15:06:04 [INFO]: SQL Query: Executing (default): DROP TABLE IF EXISTS `ClothesTypeHistories`;
2024-03-07 15:06:04 [INFO]: SQL Query: Executing (default): SELECT TABLE_NAME FROM INFORMATION_SCHEMA.TABLES WHERE TABLE_TYPE = 'BASE TABLE' AND TABLE_NAME = 'ServicePreferenceHistories' AND TABLE_SCHEMA = 'laundry_project_db'
2024-03-07 15:06:04 [INFO]: SQL Query: Executing (default): SELECT TABLE_NAME FROM INFORMATION_SCHEMA.TABLES WHERE TABLE_TYPE = 'BASE TABLE' AND TABLE_NAME = 'ServiceOptionHistories' AND TABLE_SCHEMA = 'laundry_project_db'
2024-03-07 15:06:04 [INFO]: SQL Query: Executing (default): SELECT TABLE_NAME FROM INFORMATION_SCHEMA.TABLES WHERE TABLE_TYPE = 'BASE TABLE' AND TABLE_NAME = 'DeliveryTypeHistories' AND TABLE_SCHEMA = 'laundry_project_db'
2024-03-07 15:06:04 [INFO]: SQL Query: Executing (default): SELECT TABLE_NAME FROM INFORMATION_SCHEMA.TABLES WHERE TABLE_TYPE = 'BASE TABLE' AND TABLE_NAME = 'ItemServiceHistories' AND TABLE_SCHEMA = 'laundry_project_db'
2024-03-07 15:06:04 [INFO]: SQL Query: Executing (default): SELECT TABLE_NAME FROM INFORMATION_SCHEMA.TABLES WHERE TABLE_TYPE = 'BASE TABLE' AND TABLE_NAME = 'OrderHistories' AND TABLE_SCHEMA = 'laundry_project_db'
2024-03-07 15:06:04 [INFO]: SQL Query: Executing (default): SELECT TABLE_NAME FROM INFORMATION_SCHEMA.TABLES WHERE TABLE_TYPE = 'BASE TABLE' AND TABLE_NAME = 'LocationHistories' AND TABLE_SCHEMA = 'laundry_project_db'
2024-03-07 15:06:04 [INFO]: SQL Query: Executing (default): SELECT TABLE_NAME FROM INFORMATION_SCHEMA.TABLES WHERE TABLE_TYPE = 'BASE TABLE' AND TABLE_NAME = 'DeliveryRoutingHistories' AND TABLE_SCHEMA = 'laundry_project_db'
2024-03-07 15:06:04 [INFO]: SQL Query: Executing (default): SELECT TABLE_NAME FROM INFORMATION_SCHEMA.TABLES WHERE TABLE_TYPE = 'BASE TABLE' AND TABLE_NAME = 'DeliveryPointHistories' AND TABLE_SCHEMA = 'laundry_project_db'
2024-03-07 15:06:04 [INFO]: SQL Query: Executing (default): SELECT TABLE_NAME FROM INFORMATION_SCHEMA.TABLES WHERE TABLE_TYPE = 'BASE TABLE' AND TABLE_NAME = 'DeliveryWorkerHistories' AND TABLE_SCHEMA = 'laundry_project_db'
2024-03-07 15:06:04 [INFO]: SQL Query: Executing (default): SELECT TABLE_NAME FROM INFORMATION_SCHEMA.TABLES WHERE TABLE_TYPE = 'BASE TABLE' AND TABLE_NAME = 'InvoiceHistories' AND TABLE_SCHEMA = 'laundry_project_db'
2024-03-07 15:06:04 [INFO]: SQL Query: Executing (default): SELECT TABLE_NAME FROM INFORMATION_SCHEMA.TABLES WHERE TABLE_TYPE = 'BASE TABLE' AND TABLE_NAME = 'InvoiceItemHistories' AND TABLE_SCHEMA = 'laundry_project_db'
2024-03-07 15:06:04 [INFO]: SQL Query: Executing (default): SELECT TABLE_NAME FROM INFORMATION_SCHEMA.TABLES WHERE TABLE_TYPE = 'BASE TABLE' AND TABLE_NAME = 'Users' AND TABLE_SCHEMA = 'laundry_project_db'
2024-03-07 15:06:04 [INFO]: SQL Query: Executing (default): SELECT TABLE_NAME FROM INFORMATION_SCHEMA.TABLES WHERE TABLE_TYPE = 'BASE TABLE' AND TABLE_NAME = 'Clients' AND TABLE_SCHEMA = 'laundry_project_db'
2024-03-07 15:06:04 [INFO]: SQL Query: Executing (default): SELECT TABLE_NAME FROM INFORMATION_SCHEMA.TABLES WHERE TABLE_TYPE = 'BASE TABLE' AND TABLE_NAME = 'Branches' AND TABLE_SCHEMA = 'laundry_project_db'
2024-03-07 15:06:04 [INFO]: SQL Query: Executing (default): SELECT TABLE_NAME FROM INFORMATION_SCHEMA.TABLES WHERE TABLE_TYPE = 'BASE TABLE' AND TABLE_NAME = 'DeliveryTypes' AND TABLE_SCHEMA = 'laundry_project_db'
2024-03-07 15:06:04 [INFO]: SQL Query: Executing (default): SELECT TABLE_NAME FROM INFORMATION_SCHEMA.TABLES WHERE TABLE_TYPE = 'BASE TABLE' AND TABLE_NAME = 'ServiceOptions' AND TABLE_SCHEMA = 'laundry_project_db'
2024-03-07 15:06:04 [INFO]: SQL Query: Executing (default): SELECT TABLE_NAME FROM INFORMATION_SCHEMA.TABLES WHERE TABLE_TYPE = 'BASE TABLE' AND TABLE_NAME = 'ServicePreferences' AND TABLE_SCHEMA = 'laundry_project_db'
2024-03-07 15:06:04 [INFO]: SQL Query: Executing (default): SELECT TABLE_NAME FROM INFORMATION_SCHEMA.TABLES WHERE TABLE_TYPE = 'BASE TABLE' AND TABLE_NAME = 'ClothesTypes' AND TABLE_SCHEMA = 'laundry_project_db'
2024-03-07 15:06:04 [INFO]: SQL Query: Executing (default): SELECT TABLE_NAME FROM INFORMATION_SCHEMA.TABLES WHERE TABLE_TYPE = 'BASE TABLE' AND TABLE_NAME = 'Services' AND TABLE_SCHEMA = 'laundry_project_db'
2024-03-07 15:06:04 [INFO]: SQL Query: Executing (default): SELECT TABLE_NAME FROM INFORMATION_SCHEMA.TABLES WHERE TABLE_TYPE = 'BASE TABLE' AND TABLE_NAME = 'ItemServices' AND TABLE_SCHEMA = 'laundry_project_db'
2024-03-07 15:06:04 [INFO]: SQL Query: Executing (default): SELECT TABLE_NAME FROM INFORMATION_SCHEMA.TABLES WHERE TABLE_TYPE = 'BASE TABLE' AND TABLE_NAME = 'Orders' AND TABLE_SCHEMA = 'laundry_project_db'
2024-03-07 15:06:04 [INFO]: SQL Query: Executing (default): SELECT TABLE_NAME FROM INFORMATION_SCHEMA.TABLES WHERE TABLE_TYPE = 'BASE TABLE' AND TABLE_NAME = 'Locations' AND TABLE_SCHEMA = 'laundry_project_db'
2024-03-07 15:06:04 [INFO]: SQL Query: Executing (default): SELECT TABLE_NAME FROM INFORMATION_SCHEMA.TABLES WHERE TABLE_TYPE = 'BASE TABLE' AND TABLE_NAME = 'DeliveryRoutings' AND TABLE_SCHEMA = 'laundry_project_db'
2024-03-07 15:06:04 [INFO]: SQL Query: Executing (default): SELECT TABLE_NAME FROM INFORMATION_SCHEMA.TABLES WHERE TABLE_TYPE = 'BASE TABLE' AND TABLE_NAME = 'DeliveryPoints' AND TABLE_SCHEMA = 'laundry_project_db'
2024-03-07 15:06:04 [INFO]: SQL Query: Executing (default): SELECT TABLE_NAME FROM INFORMATION_SCHEMA.TABLES WHERE TABLE_TYPE = 'BASE TABLE' AND TABLE_NAME = 'DeliveryWorkers' AND TABLE_SCHEMA = 'laundry_project_db'
2024-03-07 15:06:04 [INFO]: SQL Query: Executing (default): SELECT TABLE_NAME FROM INFORMATION_SCHEMA.TABLES WHERE TABLE_TYPE = 'BASE TABLE' AND TABLE_NAME = 'Invoices' AND TABLE_SCHEMA = 'laundry_project_db'
2024-03-07 15:06:04 [INFO]: SQL Query: Executing (default): SELECT TABLE_NAME FROM INFORMATION_SCHEMA.TABLES WHERE TABLE_TYPE = 'BASE TABLE' AND TABLE_NAME = 'InvoiceItems' AND TABLE_SCHEMA = 'laundry_project_db'
2024-03-07 15:06:04 [INFO]: SQL Query: Executing (default): SHOW INDEX FROM `ClientHistories`
2024-03-07 15:06:04 [INFO]: SQL Query: Executing (default): SHOW INDEX FROM `BranchHistories`
2024-03-07 15:06:04 [INFO]: SQL Query: Executing (default): SHOW INDEX FROM `UserHistories`
2024-03-07 15:06:04 [INFO]: SQL Query: Executing (default): SHOW INDEX FROM `OperatorHistories`
2024-03-07 15:06:04 [INFO]: SQL Query: Executing (default): SHOW INDEX FROM `Operators`
2024-03-07 15:06:04 [INFO]: SQL Query: Executing (default): SHOW INDEX FROM `ServicePreferenceHistories`
2024-03-07 15:06:04 [INFO]: Client History Database synchronized
2024-03-07 15:06:04 [INFO]: SQL Query: Executing (default): SHOW INDEX FROM `ServiceHistories`
2024-03-07 15:06:04 [INFO]: Branch History Database synchronized
2024-03-07 15:06:04 [INFO]: SQL Query: Executing (default): SHOW INDEX FROM `ServiceOptionHistories`
2024-03-07 15:06:04 [INFO]: User History Database synchronized
2024-03-07 15:06:04 [INFO]: SQL Query: Executing (default): SHOW INDEX FROM `DeliveryTypeHistories`
2024-03-07 15:06:04 [INFO]: Operator History Database synchronized
2024-03-07 15:06:04 [INFO]: SQL Query: Executing (default): SHOW INDEX FROM `ItemServiceHistories`
2024-03-07 15:06:04 [INFO]: Operator table created (if not exists) successfully
2024-03-07 15:06:04 [INFO]: SQL Query: Executing (default): SHOW INDEX FROM `OrderHistories`
2024-03-07 15:06:04 [INFO]: ServicePreference History Database synchronized
2024-03-07 15:06:04 [INFO]: SQL Query: Executing (default): CREATE TABLE IF NOT EXISTS `ClothesTypeHistories` (`id` INTEGER NOT NULL auto_increment , `clothesTypeId` CHAR(36) BINARY NOT NULL, `action` VARCHAR(255) NOT NULL, `changes` JSON, `previousData` JSON, `timestamp` DATETIME NOT NULL, `createdAt` DATETIME NOT NULL, `updatedAt` DATETIME NOT NULL, PRIMARY KEY (`id`)) ENGINE=InnoDB;
2024-03-07 15:06:04 [INFO]: Service History Database synchronized
2024-03-07 15:06:04 [INFO]: SQL Query: Executing (default): SHOW INDEX FROM `LocationHistories`
2024-03-07 15:06:04 [INFO]: ServiceOption History Database synchronized
2024-03-07 15:06:04 [INFO]: SQL Query: Executing (default): SHOW INDEX FROM `DeliveryRoutingHistories`
2024-03-07 15:06:04 [INFO]: DeliveryType History Database synchronized
2024-03-07 15:06:04 [INFO]: SQL Query: Executing (default): SHOW INDEX FROM `DeliveryPointHistories`
2024-03-07 15:06:04 [INFO]: ItemService History Database synchronized
2024-03-07 15:06:04 [INFO]: SQL Query: Executing (default): SHOW INDEX FROM `InvoiceHistories`
2024-03-07 15:06:04 [INFO]: Order History Database synchronized
2024-03-07 15:06:04 [INFO]: SQL Query: Executing (default): SHOW INDEX FROM `DeliveryWorkerHistories`
2024-03-07 15:06:04 [INFO]: Location History Database synchronized
2024-03-07 15:06:04 [INFO]: SQL Query: Executing (default): SHOW INDEX FROM `InvoiceItemHistories`
2024-03-07 15:06:04 [INFO]: DeliveryRouting History Database synchronized
2024-03-07 15:06:04 [INFO]: SQL Query: Executing (default): SHOW INDEX FROM `Users`
2024-03-07 15:06:04 [INFO]: DeliveryPoint History Database synchronized
2024-03-07 15:06:04 [INFO]: SQL Query: Executing (default): SHOW INDEX FROM `Clients`
2024-03-07 15:06:04 [INFO]: Invoice History Database synchronized
2024-03-07 15:06:04 [INFO]: SQL Query: Executing (default): SHOW INDEX FROM `Branches`
2024-03-07 15:06:04 [INFO]: DeliveryWorker History Database synchronized
2024-03-07 15:06:04 [INFO]: SQL Query: Executing (default): SHOW INDEX FROM `DeliveryTypes`
2024-03-07 15:06:04 [INFO]: InvoiceItem History Database synchronized
2024-03-07 15:06:04 [INFO]: SQL Query: Executing (default): SHOW INDEX FROM `ServiceOptions`
2024-03-07 15:06:04 [INFO]: User table created (if not exists) successfully
2024-03-07 15:06:04 [INFO]: SQL Query: Executing (default): SHOW INDEX FROM `ServicePreferences`
2024-03-07 15:06:04 [INFO]: SQL Query: Executing (default): SHOW INDEX FROM `ClothesTypes`
2024-03-07 15:06:04 [INFO]: Client table created (if not exists) successfully
2024-03-07 15:06:04 [INFO]: SQL Query: Executing (default): SHOW INDEX FROM `Services`
2024-03-07 15:06:04 [INFO]: Branch table created (if not exists) successfully
2024-03-07 15:06:04 [INFO]: SQL Query: Executing (default): SHOW INDEX FROM `ItemServices`
2024-03-07 15:06:04 [INFO]: DeliveryType table created (if not exists) successfully
2024-03-07 15:06:04 [INFO]: SQL Query: Executing (default): SHOW INDEX FROM `Orders`
2024-03-07 15:06:04 [INFO]: ServiceOption table created (if not exists) successfully
2024-03-07 15:06:04 [INFO]: SQL Query: Executing (default): SHOW INDEX FROM `Locations`
2024-03-07 15:06:04 [INFO]: ServicePreference table created (if not exists) successfully
2024-03-07 15:06:04 [INFO]: SQL Query: Executing (default): SHOW INDEX FROM `DeliveryRoutings`
2024-03-07 15:06:04 [INFO]: ClothesType table created (if not exists) successfully
2024-03-07 15:06:04 [INFO]: SQL Query: Executing (default): SHOW INDEX FROM `DeliveryPoints`
2024-03-07 15:06:04 [INFO]: Service table created (if not exists) successfully
2024-03-07 15:06:04 [INFO]: SQL Query: Executing (default): SHOW INDEX FROM `DeliveryWorkers`
2024-03-07 15:06:04 [INFO]: ItemService table created (if not exists) successfully
2024-03-07 15:06:04 [INFO]: SQL Query: Executing (default): SHOW INDEX FROM `Invoices`
2024-03-07 15:06:04 [INFO]: Order table created (if not exists) successfully
2024-03-07 15:06:04 [INFO]: SQL Query: Executing (default): SHOW INDEX FROM `InvoiceItems`
2024-03-07 15:06:04 [INFO]: Location table created (if not exists) successfully
2024-03-07 15:06:04 [INFO]: SQL Query: Executing (default): SHOW INDEX FROM `ClothesTypeHistories`
2024-03-07 15:06:04 [INFO]: DeliveryRouting table created (if not exists) successfully
2024-03-07 15:06:04 [INFO]: DeliveryPoint table created (if not exists) successfully
2024-03-07 15:06:04 [INFO]: DeliveryWorker table created (if not exists) successfully
2024-03-07 15:06:04 [INFO]: Invoice table created (if not exists) successfully
2024-03-07 15:06:04 [INFO]: InvoiceItem table created (if not exists) successfully
2024-03-07 15:06:04 [INFO]: ClothesType History Database synchronized
2024-03-07 16:18:59 [INFO]: App running on port 3000...
2024-03-07 16:21:14 [INFO]: App running on port 3000...
2024-03-07 16:23:06 [INFO]: App running on port 3000...
2024-03-07 16:24:31 [INFO]: App running on port 3000...
