2024-03-03 12:50:49 [INFO]: App running on port 3000...
2024-03-03 12:50:49 [INFO]: SQL Query: Executing (default): SELECT 1+1 AS result
2024-03-03 12:50:49 [INFO]: SQL Query: Executing (default): SELECT TABLE_NAME FROM INFORMATION_SCHEMA.TABLES WHERE TABLE_TYPE = 'BASE TABLE' AND TABLE_NAME = 'ClientHistories' AND TABLE_SCHEMA = 'laundry_project_db'
2024-03-03 12:50:49 [INFO]: SQL Query: Executing (default): SELECT TABLE_NAME FROM INFORMATION_SCHEMA.TABLES WHERE TABLE_TYPE = 'BASE TABLE' AND TABLE_NAME = 'BranchHistories' AND TABLE_SCHEMA = 'laundry_project_db'
2024-03-03 12:50:49 [INFO]: SQL Query: Executing (default): SELECT TABLE_NAME FROM INFORMATION_SCHEMA.TABLES WHERE TABLE_TYPE = 'BASE TABLE' AND TABLE_NAME = 'UserHistories' AND TABLE_SCHEMA = 'laundry_project_db'
2024-03-03 12:50:49 [INFO]: SQL Query: Executing (default): SELECT TABLE_NAME FROM INFORMATION_SCHEMA.TABLES WHERE TABLE_TYPE = 'BASE TABLE' AND TABLE_NAME = 'OperatorHistories' AND TABLE_SCHEMA = 'laundry_project_db'
2024-03-03 12:50:49 [INFO]: SQL Query: Executing (default): SELECT TABLE_NAME FROM INFORMATION_SCHEMA.TABLES WHERE TABLE_TYPE = 'BASE TABLE' AND TABLE_NAME = 'Operators' AND TABLE_SCHEMA = 'laundry_project_db'
2024-03-03 12:50:49 [INFO]: Connection to database has been established successfully.
2024-03-03 12:50:49 [INFO]: SQL Query: Executing (default): SELECT TABLE_NAME FROM INFORMATION_SCHEMA.TABLES WHERE TABLE_TYPE = 'BASE TABLE' AND TABLE_NAME = 'ServiceHistories' AND TABLE_SCHEMA = 'laundry_project_db'
2024-03-03 12:50:49 [INFO]: SQL Query: Executing (default): DROP TABLE IF EXISTS `ClothesTypeHistories`;
2024-03-03 12:50:49 [INFO]: SQL Query: Executing (default): SELECT TABLE_NAME FROM INFORMATION_SCHEMA.TABLES WHERE TABLE_TYPE = 'BASE TABLE' AND TABLE_NAME = 'ServicePreferenceHistories' AND TABLE_SCHEMA = 'laundry_project_db'
2024-03-03 12:50:49 [INFO]: SQL Query: Executing (default): SELECT TABLE_NAME FROM INFORMATION_SCHEMA.TABLES WHERE TABLE_TYPE = 'BASE TABLE' AND TABLE_NAME = 'ServiceOptionHistories' AND TABLE_SCHEMA = 'laundry_project_db'
2024-03-03 12:50:49 [INFO]: SQL Query: Executing (default): SELECT TABLE_NAME FROM INFORMATION_SCHEMA.TABLES WHERE TABLE_TYPE = 'BASE TABLE' AND TABLE_NAME = 'DeliveryTypeHistories' AND TABLE_SCHEMA = 'laundry_project_db'
2024-03-03 12:50:49 [INFO]: SQL Query: Executing (default): SELECT TABLE_NAME FROM INFORMATION_SCHEMA.TABLES WHERE TABLE_TYPE = 'BASE TABLE' AND TABLE_NAME = 'ItemServiceHistories' AND TABLE_SCHEMA = 'laundry_project_db'
2024-03-03 12:50:49 [INFO]: SQL Query: Executing (default): SELECT TABLE_NAME FROM INFORMATION_SCHEMA.TABLES WHERE TABLE_TYPE = 'BASE TABLE' AND TABLE_NAME = 'OrderHistories' AND TABLE_SCHEMA = 'laundry_project_db'
2024-03-03 12:50:49 [INFO]: SQL Query: Executing (default): SELECT TABLE_NAME FROM INFORMATION_SCHEMA.TABLES WHERE TABLE_TYPE = 'BASE TABLE' AND TABLE_NAME = 'LocationHistories' AND TABLE_SCHEMA = 'laundry_project_db'
2024-03-03 12:50:49 [INFO]: SQL Query: Executing (default): SELECT TABLE_NAME FROM INFORMATION_SCHEMA.TABLES WHERE TABLE_TYPE = 'BASE TABLE' AND TABLE_NAME = 'DeliveryRoutingHistories' AND TABLE_SCHEMA = 'laundry_project_db'
2024-03-03 12:50:49 [INFO]: SQL Query: Executing (default): SELECT TABLE_NAME FROM INFORMATION_SCHEMA.TABLES WHERE TABLE_TYPE = 'BASE TABLE' AND TABLE_NAME = 'DeliveryPointHistories' AND TABLE_SCHEMA = 'laundry_project_db'
2024-03-03 12:50:49 [INFO]: SQL Query: Executing (default): SELECT TABLE_NAME FROM INFORMATION_SCHEMA.TABLES WHERE TABLE_TYPE = 'BASE TABLE' AND TABLE_NAME = 'DeliveryWorkerHistories' AND TABLE_SCHEMA = 'laundry_project_db'
2024-03-03 12:50:49 [INFO]: SQL Query: Executing (default): SELECT TABLE_NAME FROM INFORMATION_SCHEMA.TABLES WHERE TABLE_TYPE = 'BASE TABLE' AND TABLE_NAME = 'InvoiceHistories' AND TABLE_SCHEMA = 'laundry_project_db'
2024-03-03 12:50:49 [INFO]: SQL Query: Executing (default): SELECT TABLE_NAME FROM INFORMATION_SCHEMA.TABLES WHERE TABLE_TYPE = 'BASE TABLE' AND TABLE_NAME = 'InvoiceItemHistories' AND TABLE_SCHEMA = 'laundry_project_db'
2024-03-03 12:50:49 [INFO]: SQL Query: Executing (default): SELECT TABLE_NAME FROM INFORMATION_SCHEMA.TABLES WHERE TABLE_TYPE = 'BASE TABLE' AND TABLE_NAME = 'Users' AND TABLE_SCHEMA = 'laundry_project_db'
2024-03-03 12:50:49 [INFO]: SQL Query: Executing (default): SELECT TABLE_NAME FROM INFORMATION_SCHEMA.TABLES WHERE TABLE_TYPE = 'BASE TABLE' AND TABLE_NAME = 'Clients' AND TABLE_SCHEMA = 'laundry_project_db'
2024-03-03 12:50:49 [INFO]: SQL Query: Executing (default): SELECT TABLE_NAME FROM INFORMATION_SCHEMA.TABLES WHERE TABLE_TYPE = 'BASE TABLE' AND TABLE_NAME = 'Branches' AND TABLE_SCHEMA = 'laundry_project_db'
2024-03-03 12:50:49 [INFO]: SQL Query: Executing (default): SELECT TABLE_NAME FROM INFORMATION_SCHEMA.TABLES WHERE TABLE_TYPE = 'BASE TABLE' AND TABLE_NAME = 'DeliveryTypes' AND TABLE_SCHEMA = 'laundry_project_db'
2024-03-03 12:50:49 [INFO]: SQL Query: Executing (default): SELECT TABLE_NAME FROM INFORMATION_SCHEMA.TABLES WHERE TABLE_TYPE = 'BASE TABLE' AND TABLE_NAME = 'ServiceOptions' AND TABLE_SCHEMA = 'laundry_project_db'
2024-03-03 12:50:49 [INFO]: SQL Query: Executing (default): SELECT TABLE_NAME FROM INFORMATION_SCHEMA.TABLES WHERE TABLE_TYPE = 'BASE TABLE' AND TABLE_NAME = 'ServicePreferences' AND TABLE_SCHEMA = 'laundry_project_db'
2024-03-03 12:50:49 [INFO]: SQL Query: Executing (default): SELECT TABLE_NAME FROM INFORMATION_SCHEMA.TABLES WHERE TABLE_TYPE = 'BASE TABLE' AND TABLE_NAME = 'ClothesTypes' AND TABLE_SCHEMA = 'laundry_project_db'
2024-03-03 12:50:49 [INFO]: SQL Query: Executing (default): SELECT TABLE_NAME FROM INFORMATION_SCHEMA.TABLES WHERE TABLE_TYPE = 'BASE TABLE' AND TABLE_NAME = 'Services' AND TABLE_SCHEMA = 'laundry_project_db'
2024-03-03 12:50:49 [INFO]: SQL Query: Executing (default): SELECT TABLE_NAME FROM INFORMATION_SCHEMA.TABLES WHERE TABLE_TYPE = 'BASE TABLE' AND TABLE_NAME = 'ItemServices' AND TABLE_SCHEMA = 'laundry_project_db'
2024-03-03 12:50:49 [INFO]: SQL Query: Executing (default): SELECT TABLE_NAME FROM INFORMATION_SCHEMA.TABLES WHERE TABLE_TYPE = 'BASE TABLE' AND TABLE_NAME = 'Orders' AND TABLE_SCHEMA = 'laundry_project_db'
2024-03-03 12:50:49 [INFO]: SQL Query: Executing (default): SELECT TABLE_NAME FROM INFORMATION_SCHEMA.TABLES WHERE TABLE_TYPE = 'BASE TABLE' AND TABLE_NAME = 'Locations' AND TABLE_SCHEMA = 'laundry_project_db'
2024-03-03 12:50:49 [INFO]: SQL Query: Executing (default): SELECT TABLE_NAME FROM INFORMATION_SCHEMA.TABLES WHERE TABLE_TYPE = 'BASE TABLE' AND TABLE_NAME = 'DeliveryRoutings' AND TABLE_SCHEMA = 'laundry_project_db'
2024-03-03 12:50:49 [INFO]: SQL Query: Executing (default): SELECT TABLE_NAME FROM INFORMATION_SCHEMA.TABLES WHERE TABLE_TYPE = 'BASE TABLE' AND TABLE_NAME = 'DeliveryPoints' AND TABLE_SCHEMA = 'laundry_project_db'
2024-03-03 12:50:49 [INFO]: SQL Query: Executing (default): SELECT TABLE_NAME FROM INFORMATION_SCHEMA.TABLES WHERE TABLE_TYPE = 'BASE TABLE' AND TABLE_NAME = 'DeliveryWorkers' AND TABLE_SCHEMA = 'laundry_project_db'
2024-03-03 12:50:49 [INFO]: SQL Query: Executing (default): SELECT TABLE_NAME FROM INFORMATION_SCHEMA.TABLES WHERE TABLE_TYPE = 'BASE TABLE' AND TABLE_NAME = 'Invoices' AND TABLE_SCHEMA = 'laundry_project_db'
2024-03-03 12:50:49 [INFO]: SQL Query: Executing (default): SELECT TABLE_NAME FROM INFORMATION_SCHEMA.TABLES WHERE TABLE_TYPE = 'BASE TABLE' AND TABLE_NAME = 'InvoiceItems' AND TABLE_SCHEMA = 'laundry_project_db'
2024-03-03 12:50:49 [INFO]: SQL Query: Executing (default): SHOW INDEX FROM `BranchHistories`
2024-03-03 12:50:49 [INFO]: SQL Query: Executing (default): SHOW INDEX FROM `Operators`
2024-03-03 12:50:49 [INFO]: SQL Query: Executing (default): SHOW INDEX FROM `OperatorHistories`
2024-03-03 12:50:49 [INFO]: SQL Query: Executing (default): SHOW INDEX FROM `ClientHistories`
2024-03-03 12:50:49 [INFO]: SQL Query: Executing (default): SHOW INDEX FROM `UserHistories`
2024-03-03 12:50:49 [INFO]: SQL Query: Executing (default): SHOW INDEX FROM `ServiceHistories`
2024-03-03 12:50:49 [INFO]: Branch History Database synchronized
2024-03-03 12:50:49 [INFO]: SQL Query: Executing (default): SHOW INDEX FROM `ServicePreferenceHistories`
2024-03-03 12:50:49 [INFO]: Operator History Database synchronized
2024-03-03 12:50:49 [INFO]: SQL Query: Executing (default): SHOW INDEX FROM `ServiceOptionHistories`
2024-03-03 12:50:49 [INFO]: Operator table created (if not exists) successfully
2024-03-03 12:50:49 [INFO]: SQL Query: Executing (default): SHOW INDEX FROM `DeliveryTypeHistories`
2024-03-03 12:50:49 [INFO]: Client History Database synchronized
2024-03-03 12:50:49 [INFO]: SQL Query: Executing (default): SHOW INDEX FROM `ItemServiceHistories`
2024-03-03 12:50:49 [INFO]: User History Database synchronized
2024-03-03 12:50:49 [INFO]: SQL Query: Executing (default): SHOW INDEX FROM `OrderHistories`
2024-03-03 12:50:49 [INFO]: Service History Database synchronized
2024-03-03 12:50:49 [INFO]: SQL Query: Executing (default): SHOW INDEX FROM `LocationHistories`
2024-03-03 12:50:49 [INFO]: ServicePreference History Database synchronized
2024-03-03 12:50:49 [INFO]: SQL Query: Executing (default): SHOW INDEX FROM `DeliveryRoutingHistories`
2024-03-03 12:50:49 [INFO]: ServiceOption History Database synchronized
2024-03-03 12:50:49 [INFO]: SQL Query: Executing (default): SHOW INDEX FROM `DeliveryPointHistories`
2024-03-03 12:50:49 [INFO]: DeliveryType History Database synchronized
2024-03-03 12:50:49 [INFO]: SQL Query: Executing (default): SHOW INDEX FROM `DeliveryWorkerHistories`
2024-03-03 12:50:49 [INFO]: ItemService History Database synchronized
2024-03-03 12:50:49 [INFO]: SQL Query: Executing (default): SHOW INDEX FROM `InvoiceHistories`
2024-03-03 12:50:49 [INFO]: Order History Database synchronized
2024-03-03 12:50:49 [INFO]: SQL Query: Executing (default): SHOW INDEX FROM `InvoiceItemHistories`
2024-03-03 12:50:49 [INFO]: Location History Database synchronized
2024-03-03 12:50:49 [INFO]: SQL Query: Executing (default): SHOW INDEX FROM `Users`
2024-03-03 12:50:49 [INFO]: DeliveryRouting History Database synchronized
2024-03-03 12:50:49 [INFO]: SQL Query: Executing (default): SHOW INDEX FROM `Clients`
2024-03-03 12:50:49 [INFO]: DeliveryPoint History Database synchronized
2024-03-03 12:50:49 [INFO]: SQL Query: Executing (default): SHOW INDEX FROM `Branches`
2024-03-03 12:50:49 [INFO]: DeliveryWorker History Database synchronized
2024-03-03 12:50:49 [INFO]: SQL Query: Executing (default): CREATE TABLE IF NOT EXISTS `ClothesTypeHistories` (`id` INTEGER NOT NULL auto_increment , `clothesTypeId` CHAR(36) BINARY NOT NULL, `action` VARCHAR(255) NOT NULL, `changes` JSON, `previousData` JSON, `timestamp` DATETIME NOT NULL, `createdAt` DATETIME NOT NULL, `updatedAt` DATETIME NOT NULL, PRIMARY KEY (`id`)) ENGINE=InnoDB;
2024-03-03 12:50:49 [INFO]: Invoice History Database synchronized
2024-03-03 12:50:49 [INFO]: SQL Query: Executing (default): SHOW INDEX FROM `DeliveryTypes`
2024-03-03 12:50:49 [INFO]: InvoiceItem History Database synchronized
2024-03-03 12:50:49 [INFO]: SQL Query: Executing (default): SHOW INDEX FROM `ServiceOptions`
2024-03-03 12:50:49 [INFO]: Client table created (if not exists) successfully
2024-03-03 12:50:49 [INFO]: SQL Query: Executing (default): SHOW INDEX FROM `ServicePreferences`
2024-03-03 12:50:49 [INFO]: User table created (if not exists) successfully
2024-03-03 12:50:49 [INFO]: SQL Query: Executing (default): SHOW INDEX FROM `Services`
2024-03-03 12:50:49 [INFO]: DeliveryType table created (if not exists) successfully
2024-03-03 12:50:49 [INFO]: SQL Query: Executing (default): SHOW INDEX FROM `ClothesTypes`
2024-03-03 12:50:49 [INFO]: ServicePreference table created (if not exists) successfully
2024-03-03 12:50:49 [INFO]: SQL Query: Executing (default): SHOW INDEX FROM `ItemServices`
2024-03-03 12:50:49 [INFO]: ServiceOption table created (if not exists) successfully
2024-03-03 12:50:49 [INFO]: SQL Query: Executing (default): SHOW INDEX FROM `Orders`
2024-03-03 12:50:49 [INFO]: SQL Query: Executing (default): SHOW INDEX FROM `Locations`
2024-03-03 12:50:49 [INFO]: ClothesType table created (if not exists) successfully
2024-03-03 12:50:49 [INFO]: SQL Query: Executing (default): SHOW INDEX FROM `DeliveryRoutings`
2024-03-03 12:50:49 [INFO]: Service table created (if not exists) successfully
2024-03-03 12:50:49 [INFO]: SQL Query: Executing (default): SHOW INDEX FROM `DeliveryPoints`
2024-03-03 12:50:49 [INFO]: ItemService table created (if not exists) successfully
2024-03-03 12:50:49 [INFO]: SQL Query: Executing (default): SHOW INDEX FROM `DeliveryWorkers`
2024-03-03 12:50:49 [INFO]: Location table created (if not exists) successfully
2024-03-03 12:50:49 [INFO]: SQL Query: Executing (default): SHOW INDEX FROM `Invoices`
2024-03-03 12:50:49 [INFO]: Order table created (if not exists) successfully
2024-03-03 12:50:49 [INFO]: SQL Query: Executing (default): SHOW INDEX FROM `InvoiceItems`
2024-03-03 12:50:49 [INFO]: DeliveryRouting table created (if not exists) successfully
2024-03-03 12:50:49 [INFO]: SQL Query: Executing (default): SHOW INDEX FROM `ClothesTypeHistories`
2024-03-03 12:50:49 [INFO]: DeliveryPoint table created (if not exists) successfully
2024-03-03 12:50:49 [INFO]: DeliveryWorker table created (if not exists) successfully
2024-03-03 12:50:49 [INFO]: Invoice table created (if not exists) successfully
2024-03-03 12:50:49 [INFO]: ClothesType History Database synchronized
2024-03-03 12:50:49 [INFO]: InvoiceItem table created (if not exists) successfully
2024-03-03 12:50:50 [INFO]: Branch table created (if not exists) successfully
2024-03-03 12:51:07 [INFO]: App running on port 3000...
2024-03-03 12:51:07 [INFO]: SQL Query: Executing (default): SELECT 1+1 AS result
2024-03-03 12:51:07 [INFO]: SQL Query: Executing (default): SELECT TABLE_NAME FROM INFORMATION_SCHEMA.TABLES WHERE TABLE_TYPE = 'BASE TABLE' AND TABLE_NAME = 'ClientHistories' AND TABLE_SCHEMA = 'laundry_project_db'
2024-03-03 12:51:07 [INFO]: SQL Query: Executing (default): SELECT TABLE_NAME FROM INFORMATION_SCHEMA.TABLES WHERE TABLE_TYPE = 'BASE TABLE' AND TABLE_NAME = 'BranchHistories' AND TABLE_SCHEMA = 'laundry_project_db'
2024-03-03 12:51:07 [INFO]: SQL Query: Executing (default): SELECT TABLE_NAME FROM INFORMATION_SCHEMA.TABLES WHERE TABLE_TYPE = 'BASE TABLE' AND TABLE_NAME = 'UserHistories' AND TABLE_SCHEMA = 'laundry_project_db'
2024-03-03 12:51:07 [INFO]: SQL Query: Executing (default): SELECT TABLE_NAME FROM INFORMATION_SCHEMA.TABLES WHERE TABLE_TYPE = 'BASE TABLE' AND TABLE_NAME = 'OperatorHistories' AND TABLE_SCHEMA = 'laundry_project_db'
2024-03-03 12:51:07 [INFO]: Connection to database has been established successfully.
2024-03-03 12:51:07 [INFO]: SQL Query: Executing (default): SELECT TABLE_NAME FROM INFORMATION_SCHEMA.TABLES WHERE TABLE_TYPE = 'BASE TABLE' AND TABLE_NAME = 'Operators' AND TABLE_SCHEMA = 'laundry_project_db'
2024-03-03 12:51:07 [INFO]: SQL Query: Executing (default): SELECT TABLE_NAME FROM INFORMATION_SCHEMA.TABLES WHERE TABLE_TYPE = 'BASE TABLE' AND TABLE_NAME = 'ServiceHistories' AND TABLE_SCHEMA = 'laundry_project_db'
2024-03-03 12:51:07 [INFO]: SQL Query: Executing (default): DROP TABLE IF EXISTS `ClothesTypeHistories`;
2024-03-03 12:51:07 [INFO]: SQL Query: Executing (default): SELECT TABLE_NAME FROM INFORMATION_SCHEMA.TABLES WHERE TABLE_TYPE = 'BASE TABLE' AND TABLE_NAME = 'ServicePreferenceHistories' AND TABLE_SCHEMA = 'laundry_project_db'
2024-03-03 12:51:07 [INFO]: SQL Query: Executing (default): SELECT TABLE_NAME FROM INFORMATION_SCHEMA.TABLES WHERE TABLE_TYPE = 'BASE TABLE' AND TABLE_NAME = 'ServiceOptionHistories' AND TABLE_SCHEMA = 'laundry_project_db'
2024-03-03 12:51:07 [INFO]: SQL Query: Executing (default): SELECT TABLE_NAME FROM INFORMATION_SCHEMA.TABLES WHERE TABLE_TYPE = 'BASE TABLE' AND TABLE_NAME = 'DeliveryTypeHistories' AND TABLE_SCHEMA = 'laundry_project_db'
2024-03-03 12:51:07 [INFO]: SQL Query: Executing (default): SELECT TABLE_NAME FROM INFORMATION_SCHEMA.TABLES WHERE TABLE_TYPE = 'BASE TABLE' AND TABLE_NAME = 'ItemServiceHistories' AND TABLE_SCHEMA = 'laundry_project_db'
2024-03-03 12:51:07 [INFO]: SQL Query: Executing (default): SELECT TABLE_NAME FROM INFORMATION_SCHEMA.TABLES WHERE TABLE_TYPE = 'BASE TABLE' AND TABLE_NAME = 'OrderHistories' AND TABLE_SCHEMA = 'laundry_project_db'
2024-03-03 12:51:07 [INFO]: SQL Query: Executing (default): SELECT TABLE_NAME FROM INFORMATION_SCHEMA.TABLES WHERE TABLE_TYPE = 'BASE TABLE' AND TABLE_NAME = 'LocationHistories' AND TABLE_SCHEMA = 'laundry_project_db'
2024-03-03 12:51:07 [INFO]: SQL Query: Executing (default): SELECT TABLE_NAME FROM INFORMATION_SCHEMA.TABLES WHERE TABLE_TYPE = 'BASE TABLE' AND TABLE_NAME = 'DeliveryRoutingHistories' AND TABLE_SCHEMA = 'laundry_project_db'
2024-03-03 12:51:07 [INFO]: SQL Query: Executing (default): SELECT TABLE_NAME FROM INFORMATION_SCHEMA.TABLES WHERE TABLE_TYPE = 'BASE TABLE' AND TABLE_NAME = 'DeliveryPointHistories' AND TABLE_SCHEMA = 'laundry_project_db'
2024-03-03 12:51:07 [INFO]: SQL Query: Executing (default): SELECT TABLE_NAME FROM INFORMATION_SCHEMA.TABLES WHERE TABLE_TYPE = 'BASE TABLE' AND TABLE_NAME = 'DeliveryWorkerHistories' AND TABLE_SCHEMA = 'laundry_project_db'
2024-03-03 12:51:07 [INFO]: SQL Query: Executing (default): SELECT TABLE_NAME FROM INFORMATION_SCHEMA.TABLES WHERE TABLE_TYPE = 'BASE TABLE' AND TABLE_NAME = 'InvoiceHistories' AND TABLE_SCHEMA = 'laundry_project_db'
2024-03-03 12:51:07 [INFO]: SQL Query: Executing (default): SELECT TABLE_NAME FROM INFORMATION_SCHEMA.TABLES WHERE TABLE_TYPE = 'BASE TABLE' AND TABLE_NAME = 'InvoiceItemHistories' AND TABLE_SCHEMA = 'laundry_project_db'
2024-03-03 12:51:07 [INFO]: SQL Query: Executing (default): SELECT TABLE_NAME FROM INFORMATION_SCHEMA.TABLES WHERE TABLE_TYPE = 'BASE TABLE' AND TABLE_NAME = 'Users' AND TABLE_SCHEMA = 'laundry_project_db'
2024-03-03 12:51:07 [INFO]: SQL Query: Executing (default): SELECT TABLE_NAME FROM INFORMATION_SCHEMA.TABLES WHERE TABLE_TYPE = 'BASE TABLE' AND TABLE_NAME = 'Clients' AND TABLE_SCHEMA = 'laundry_project_db'
2024-03-03 12:51:07 [INFO]: SQL Query: Executing (default): SELECT TABLE_NAME FROM INFORMATION_SCHEMA.TABLES WHERE TABLE_TYPE = 'BASE TABLE' AND TABLE_NAME = 'Branches' AND TABLE_SCHEMA = 'laundry_project_db'
2024-03-03 12:51:07 [INFO]: SQL Query: Executing (default): SELECT TABLE_NAME FROM INFORMATION_SCHEMA.TABLES WHERE TABLE_TYPE = 'BASE TABLE' AND TABLE_NAME = 'DeliveryTypes' AND TABLE_SCHEMA = 'laundry_project_db'
2024-03-03 12:51:07 [INFO]: SQL Query: Executing (default): SELECT TABLE_NAME FROM INFORMATION_SCHEMA.TABLES WHERE TABLE_TYPE = 'BASE TABLE' AND TABLE_NAME = 'ServiceOptions' AND TABLE_SCHEMA = 'laundry_project_db'
2024-03-03 12:51:07 [INFO]: SQL Query: Executing (default): SELECT TABLE_NAME FROM INFORMATION_SCHEMA.TABLES WHERE TABLE_TYPE = 'BASE TABLE' AND TABLE_NAME = 'ServicePreferences' AND TABLE_SCHEMA = 'laundry_project_db'
2024-03-03 12:51:07 [INFO]: SQL Query: Executing (default): SELECT TABLE_NAME FROM INFORMATION_SCHEMA.TABLES WHERE TABLE_TYPE = 'BASE TABLE' AND TABLE_NAME = 'ClothesTypes' AND TABLE_SCHEMA = 'laundry_project_db'
2024-03-03 12:51:07 [INFO]: SQL Query: Executing (default): SELECT TABLE_NAME FROM INFORMATION_SCHEMA.TABLES WHERE TABLE_TYPE = 'BASE TABLE' AND TABLE_NAME = 'Services' AND TABLE_SCHEMA = 'laundry_project_db'
2024-03-03 12:51:07 [INFO]: SQL Query: Executing (default): SELECT TABLE_NAME FROM INFORMATION_SCHEMA.TABLES WHERE TABLE_TYPE = 'BASE TABLE' AND TABLE_NAME = 'ItemServices' AND TABLE_SCHEMA = 'laundry_project_db'
2024-03-03 12:51:07 [INFO]: SQL Query: Executing (default): SELECT TABLE_NAME FROM INFORMATION_SCHEMA.TABLES WHERE TABLE_TYPE = 'BASE TABLE' AND TABLE_NAME = 'Orders' AND TABLE_SCHEMA = 'laundry_project_db'
2024-03-03 12:51:07 [INFO]: SQL Query: Executing (default): SELECT TABLE_NAME FROM INFORMATION_SCHEMA.TABLES WHERE TABLE_TYPE = 'BASE TABLE' AND TABLE_NAME = 'Locations' AND TABLE_SCHEMA = 'laundry_project_db'
2024-03-03 12:51:07 [INFO]: SQL Query: Executing (default): SELECT TABLE_NAME FROM INFORMATION_SCHEMA.TABLES WHERE TABLE_TYPE = 'BASE TABLE' AND TABLE_NAME = 'DeliveryRoutings' AND TABLE_SCHEMA = 'laundry_project_db'
2024-03-03 12:51:07 [INFO]: SQL Query: Executing (default): SELECT TABLE_NAME FROM INFORMATION_SCHEMA.TABLES WHERE TABLE_TYPE = 'BASE TABLE' AND TABLE_NAME = 'DeliveryPoints' AND TABLE_SCHEMA = 'laundry_project_db'
2024-03-03 12:51:07 [INFO]: SQL Query: Executing (default): SELECT TABLE_NAME FROM INFORMATION_SCHEMA.TABLES WHERE TABLE_TYPE = 'BASE TABLE' AND TABLE_NAME = 'DeliveryWorkers' AND TABLE_SCHEMA = 'laundry_project_db'
2024-03-03 12:51:07 [INFO]: SQL Query: Executing (default): SELECT TABLE_NAME FROM INFORMATION_SCHEMA.TABLES WHERE TABLE_TYPE = 'BASE TABLE' AND TABLE_NAME = 'Invoices' AND TABLE_SCHEMA = 'laundry_project_db'
2024-03-03 12:51:07 [INFO]: SQL Query: Executing (default): SELECT TABLE_NAME FROM INFORMATION_SCHEMA.TABLES WHERE TABLE_TYPE = 'BASE TABLE' AND TABLE_NAME = 'InvoiceItems' AND TABLE_SCHEMA = 'laundry_project_db'
2024-03-03 12:51:07 [INFO]: SQL Query: Executing (default): SHOW INDEX FROM `ClientHistories`
2024-03-03 12:51:07 [INFO]: SQL Query: Executing (default): SHOW INDEX FROM `BranchHistories`
2024-03-03 12:51:07 [INFO]: SQL Query: Executing (default): SHOW INDEX FROM `UserHistories`
2024-03-03 12:51:07 [INFO]: SQL Query: Executing (default): SHOW INDEX FROM `OperatorHistories`
2024-03-03 12:51:07 [INFO]: SQL Query: Executing (default): SHOW INDEX FROM `ServiceHistories`
2024-03-03 12:51:07 [INFO]: SQL Query: Executing (default): SHOW INDEX FROM `Operators`
2024-03-03 12:51:07 [INFO]: Client History Database synchronized
2024-03-03 12:51:07 [INFO]: SQL Query: Executing (default): SHOW INDEX FROM `ServiceOptionHistories`
2024-03-03 12:51:07 [INFO]: Branch History Database synchronized
2024-03-03 12:51:07 [INFO]: SQL Query: Executing (default): SHOW INDEX FROM `ServicePreferenceHistories`
2024-03-03 12:51:07 [INFO]: User History Database synchronized
2024-03-03 12:51:07 [INFO]: SQL Query: Executing (default): SHOW INDEX FROM `DeliveryTypeHistories`
2024-03-03 12:51:07 [INFO]: Operator History Database synchronized
2024-03-03 12:51:07 [INFO]: SQL Query: Executing (default): SHOW INDEX FROM `ItemServiceHistories`
2024-03-03 12:51:07 [INFO]: Service History Database synchronized
2024-03-03 12:51:07 [INFO]: SQL Query: Executing (default): SHOW INDEX FROM `OrderHistories`
2024-03-03 12:51:07 [INFO]: Operator table created (if not exists) successfully
2024-03-03 12:51:07 [INFO]: SQL Query: Executing (default): SHOW INDEX FROM `LocationHistories`
2024-03-03 12:51:07 [INFO]: ServiceOption History Database synchronized
2024-03-03 12:51:07 [INFO]: SQL Query: Executing (default): SHOW INDEX FROM `DeliveryRoutingHistories`
2024-03-03 12:51:07 [INFO]: ServicePreference History Database synchronized
2024-03-03 12:51:07 [INFO]: SQL Query: Executing (default): SHOW INDEX FROM `DeliveryPointHistories`
2024-03-03 12:51:07 [INFO]: DeliveryType History Database synchronized
2024-03-03 12:51:07 [INFO]: SQL Query: Executing (default): SHOW INDEX FROM `DeliveryWorkerHistories`
2024-03-03 12:51:07 [INFO]: ItemService History Database synchronized
2024-03-03 12:51:07 [INFO]: SQL Query: Executing (default): SHOW INDEX FROM `InvoiceHistories`
2024-03-03 12:51:07 [INFO]: Order History Database synchronized
2024-03-03 12:51:07 [INFO]: SQL Query: Executing (default): SHOW INDEX FROM `InvoiceItemHistories`
2024-03-03 12:51:07 [INFO]: Location History Database synchronized
2024-03-03 12:51:07 [INFO]: SQL Query: Executing (default): SHOW INDEX FROM `Users`
2024-03-03 12:51:07 [INFO]: DeliveryRouting History Database synchronized
2024-03-03 12:51:07 [INFO]: SQL Query: Executing (default): SHOW INDEX FROM `Clients`
2024-03-03 12:51:07 [INFO]: DeliveryPoint History Database synchronized
2024-03-03 12:51:07 [INFO]: SQL Query: Executing (default): SHOW INDEX FROM `Branches`
2024-03-03 12:51:07 [INFO]: DeliveryWorker History Database synchronized
2024-03-03 12:51:07 [INFO]: SQL Query: Executing (default): SHOW INDEX FROM `DeliveryTypes`
2024-03-03 12:51:07 [INFO]: Invoice History Database synchronized
2024-03-03 12:51:07 [INFO]: SQL Query: Executing (default): SHOW INDEX FROM `ServiceOptions`
2024-03-03 12:51:07 [INFO]: InvoiceItem History Database synchronized
2024-03-03 12:51:07 [INFO]: SQL Query: Executing (default): SHOW INDEX FROM `ServicePreferences`
2024-03-03 12:51:07 [INFO]: User table created (if not exists) successfully
2024-03-03 12:51:07 [INFO]: SQL Query: Executing (default): SHOW INDEX FROM `ClothesTypes`
2024-03-03 12:51:07 [INFO]: Client table created (if not exists) successfully
2024-03-03 12:51:07 [INFO]: SQL Query: Executing (default): SHOW INDEX FROM `Services`
2024-03-03 12:51:07 [INFO]: Branch table created (if not exists) successfully
2024-03-03 12:51:07 [INFO]: SQL Query: Executing (default): CREATE TABLE IF NOT EXISTS `ClothesTypeHistories` (`id` INTEGER NOT NULL auto_increment , `clothesTypeId` CHAR(36) BINARY NOT NULL, `action` VARCHAR(255) NOT NULL, `changes` JSON, `previousData` JSON, `timestamp` DATETIME NOT NULL, `createdAt` DATETIME NOT NULL, `updatedAt` DATETIME NOT NULL, PRIMARY KEY (`id`)) ENGINE=InnoDB;
2024-03-03 12:51:07 [INFO]: DeliveryType table created (if not exists) successfully
2024-03-03 12:51:07 [INFO]: SQL Query: Executing (default): SHOW INDEX FROM `DeliveryPoints`
2024-03-03 12:51:07 [INFO]: ServiceOption table created (if not exists) successfully
2024-03-03 12:51:07 [INFO]: SQL Query: Executing (default): SHOW INDEX FROM `ItemServices`
2024-03-03 12:51:07 [INFO]: ServicePreference table created (if not exists) successfully
2024-03-03 12:51:07 [INFO]: SQL Query: Executing (default): SHOW INDEX FROM `Orders`
2024-03-03 12:51:07 [INFO]: ClothesType table created (if not exists) successfully
2024-03-03 12:51:07 [INFO]: SQL Query: Executing (default): SHOW INDEX FROM `Locations`
2024-03-03 12:51:07 [INFO]: Service table created (if not exists) successfully
2024-03-03 12:51:07 [INFO]: SQL Query: Executing (default): SHOW INDEX FROM `DeliveryRoutings`
2024-03-03 12:51:07 [INFO]: DeliveryPoint table created (if not exists) successfully
2024-03-03 12:51:07 [INFO]: SQL Query: Executing (default): SHOW INDEX FROM `DeliveryWorkers`
2024-03-03 12:51:07 [INFO]: ItemService table created (if not exists) successfully
2024-03-03 12:51:07 [INFO]: SQL Query: Executing (default): SHOW INDEX FROM `Invoices`
2024-03-03 12:51:07 [INFO]: Order table created (if not exists) successfully
2024-03-03 12:51:07 [INFO]: SQL Query: Executing (default): SHOW INDEX FROM `InvoiceItems`
2024-03-03 12:51:07 [INFO]: Location table created (if not exists) successfully
2024-03-03 12:51:07 [INFO]: DeliveryRouting table created (if not exists) successfully
2024-03-03 12:51:07 [INFO]: DeliveryWorker table created (if not exists) successfully
2024-03-03 12:51:07 [INFO]: Invoice table created (if not exists) successfully
2024-03-03 12:51:07 [INFO]: InvoiceItem table created (if not exists) successfully
2024-03-03 12:51:07 [INFO]: SQL Query: Executing (default): SHOW INDEX FROM `ClothesTypeHistories`
2024-03-03 12:51:07 [INFO]: ClothesType History Database synchronized
2024-03-03 12:52:01 [INFO]: App running on port 3000...
2024-03-03 12:52:01 [INFO]: SQL Query: Executing (default): SELECT 1+1 AS result
2024-03-03 12:52:01 [INFO]: SQL Query: Executing (default): SELECT TABLE_NAME FROM INFORMATION_SCHEMA.TABLES WHERE TABLE_TYPE = 'BASE TABLE' AND TABLE_NAME = 'ClientHistories' AND TABLE_SCHEMA = 'laundry_project_db'
2024-03-03 12:52:01 [INFO]: SQL Query: Executing (default): SELECT TABLE_NAME FROM INFORMATION_SCHEMA.TABLES WHERE TABLE_TYPE = 'BASE TABLE' AND TABLE_NAME = 'BranchHistories' AND TABLE_SCHEMA = 'laundry_project_db'
2024-03-03 12:52:01 [INFO]: SQL Query: Executing (default): SELECT TABLE_NAME FROM INFORMATION_SCHEMA.TABLES WHERE TABLE_TYPE = 'BASE TABLE' AND TABLE_NAME = 'UserHistories' AND TABLE_SCHEMA = 'laundry_project_db'
2024-03-03 12:52:01 [INFO]: SQL Query: Executing (default): SELECT TABLE_NAME FROM INFORMATION_SCHEMA.TABLES WHERE TABLE_TYPE = 'BASE TABLE' AND TABLE_NAME = 'OperatorHistories' AND TABLE_SCHEMA = 'laundry_project_db'
2024-03-03 12:52:01 [INFO]: Connection to database has been established successfully.
2024-03-03 12:52:01 [INFO]: SQL Query: Executing (default): SELECT TABLE_NAME FROM INFORMATION_SCHEMA.TABLES WHERE TABLE_TYPE = 'BASE TABLE' AND TABLE_NAME = 'Operators' AND TABLE_SCHEMA = 'laundry_project_db'
2024-03-03 12:52:01 [INFO]: SQL Query: Executing (default): SELECT TABLE_NAME FROM INFORMATION_SCHEMA.TABLES WHERE TABLE_TYPE = 'BASE TABLE' AND TABLE_NAME = 'ServiceHistories' AND TABLE_SCHEMA = 'laundry_project_db'
2024-03-03 12:52:01 [INFO]: SQL Query: Executing (default): DROP TABLE IF EXISTS `ClothesTypeHistories`;
2024-03-03 12:52:01 [INFO]: SQL Query: Executing (default): SELECT TABLE_NAME FROM INFORMATION_SCHEMA.TABLES WHERE TABLE_TYPE = 'BASE TABLE' AND TABLE_NAME = 'ServicePreferenceHistories' AND TABLE_SCHEMA = 'laundry_project_db'
2024-03-03 12:52:01 [INFO]: SQL Query: Executing (default): SELECT TABLE_NAME FROM INFORMATION_SCHEMA.TABLES WHERE TABLE_TYPE = 'BASE TABLE' AND TABLE_NAME = 'ServiceOptionHistories' AND TABLE_SCHEMA = 'laundry_project_db'
2024-03-03 12:52:01 [INFO]: SQL Query: Executing (default): SELECT TABLE_NAME FROM INFORMATION_SCHEMA.TABLES WHERE TABLE_TYPE = 'BASE TABLE' AND TABLE_NAME = 'DeliveryTypeHistories' AND TABLE_SCHEMA = 'laundry_project_db'
2024-03-03 12:52:01 [INFO]: SQL Query: Executing (default): SELECT TABLE_NAME FROM INFORMATION_SCHEMA.TABLES WHERE TABLE_TYPE = 'BASE TABLE' AND TABLE_NAME = 'ItemServiceHistories' AND TABLE_SCHEMA = 'laundry_project_db'
2024-03-03 12:52:01 [INFO]: SQL Query: Executing (default): SELECT TABLE_NAME FROM INFORMATION_SCHEMA.TABLES WHERE TABLE_TYPE = 'BASE TABLE' AND TABLE_NAME = 'OrderHistories' AND TABLE_SCHEMA = 'laundry_project_db'
2024-03-03 12:52:01 [INFO]: SQL Query: Executing (default): SELECT TABLE_NAME FROM INFORMATION_SCHEMA.TABLES WHERE TABLE_TYPE = 'BASE TABLE' AND TABLE_NAME = 'LocationHistories' AND TABLE_SCHEMA = 'laundry_project_db'
2024-03-03 12:52:01 [INFO]: SQL Query: Executing (default): SELECT TABLE_NAME FROM INFORMATION_SCHEMA.TABLES WHERE TABLE_TYPE = 'BASE TABLE' AND TABLE_NAME = 'DeliveryRoutingHistories' AND TABLE_SCHEMA = 'laundry_project_db'
2024-03-03 12:52:01 [INFO]: SQL Query: Executing (default): SELECT TABLE_NAME FROM INFORMATION_SCHEMA.TABLES WHERE TABLE_TYPE = 'BASE TABLE' AND TABLE_NAME = 'DeliveryPointHistories' AND TABLE_SCHEMA = 'laundry_project_db'
2024-03-03 12:52:01 [INFO]: SQL Query: Executing (default): SELECT TABLE_NAME FROM INFORMATION_SCHEMA.TABLES WHERE TABLE_TYPE = 'BASE TABLE' AND TABLE_NAME = 'DeliveryWorkerHistories' AND TABLE_SCHEMA = 'laundry_project_db'
2024-03-03 12:52:01 [INFO]: SQL Query: Executing (default): SELECT TABLE_NAME FROM INFORMATION_SCHEMA.TABLES WHERE TABLE_TYPE = 'BASE TABLE' AND TABLE_NAME = 'InvoiceHistories' AND TABLE_SCHEMA = 'laundry_project_db'
2024-03-03 12:52:01 [INFO]: SQL Query: Executing (default): SELECT TABLE_NAME FROM INFORMATION_SCHEMA.TABLES WHERE TABLE_TYPE = 'BASE TABLE' AND TABLE_NAME = 'InvoiceItemHistories' AND TABLE_SCHEMA = 'laundry_project_db'
2024-03-03 12:52:01 [INFO]: SQL Query: Executing (default): SELECT TABLE_NAME FROM INFORMATION_SCHEMA.TABLES WHERE TABLE_TYPE = 'BASE TABLE' AND TABLE_NAME = 'Users' AND TABLE_SCHEMA = 'laundry_project_db'
2024-03-03 12:52:01 [INFO]: SQL Query: Executing (default): SELECT TABLE_NAME FROM INFORMATION_SCHEMA.TABLES WHERE TABLE_TYPE = 'BASE TABLE' AND TABLE_NAME = 'Clients' AND TABLE_SCHEMA = 'laundry_project_db'
2024-03-03 12:52:01 [INFO]: SQL Query: Executing (default): SELECT TABLE_NAME FROM INFORMATION_SCHEMA.TABLES WHERE TABLE_TYPE = 'BASE TABLE' AND TABLE_NAME = 'Branches' AND TABLE_SCHEMA = 'laundry_project_db'
2024-03-03 12:52:01 [INFO]: SQL Query: Executing (default): SELECT TABLE_NAME FROM INFORMATION_SCHEMA.TABLES WHERE TABLE_TYPE = 'BASE TABLE' AND TABLE_NAME = 'DeliveryTypes' AND TABLE_SCHEMA = 'laundry_project_db'
2024-03-03 12:52:01 [INFO]: SQL Query: Executing (default): SELECT TABLE_NAME FROM INFORMATION_SCHEMA.TABLES WHERE TABLE_TYPE = 'BASE TABLE' AND TABLE_NAME = 'ServiceOptions' AND TABLE_SCHEMA = 'laundry_project_db'
2024-03-03 12:52:01 [INFO]: SQL Query: Executing (default): SELECT TABLE_NAME FROM INFORMATION_SCHEMA.TABLES WHERE TABLE_TYPE = 'BASE TABLE' AND TABLE_NAME = 'ServicePreferences' AND TABLE_SCHEMA = 'laundry_project_db'
2024-03-03 12:52:01 [INFO]: SQL Query: Executing (default): SELECT TABLE_NAME FROM INFORMATION_SCHEMA.TABLES WHERE TABLE_TYPE = 'BASE TABLE' AND TABLE_NAME = 'ClothesTypes' AND TABLE_SCHEMA = 'laundry_project_db'
2024-03-03 12:52:01 [INFO]: SQL Query: Executing (default): SELECT TABLE_NAME FROM INFORMATION_SCHEMA.TABLES WHERE TABLE_TYPE = 'BASE TABLE' AND TABLE_NAME = 'Services' AND TABLE_SCHEMA = 'laundry_project_db'
2024-03-03 12:52:01 [INFO]: SQL Query: Executing (default): SELECT TABLE_NAME FROM INFORMATION_SCHEMA.TABLES WHERE TABLE_TYPE = 'BASE TABLE' AND TABLE_NAME = 'ItemServices' AND TABLE_SCHEMA = 'laundry_project_db'
2024-03-03 12:52:01 [INFO]: SQL Query: Executing (default): SELECT TABLE_NAME FROM INFORMATION_SCHEMA.TABLES WHERE TABLE_TYPE = 'BASE TABLE' AND TABLE_NAME = 'Orders' AND TABLE_SCHEMA = 'laundry_project_db'
2024-03-03 12:52:01 [INFO]: SQL Query: Executing (default): SELECT TABLE_NAME FROM INFORMATION_SCHEMA.TABLES WHERE TABLE_TYPE = 'BASE TABLE' AND TABLE_NAME = 'Locations' AND TABLE_SCHEMA = 'laundry_project_db'
2024-03-03 12:52:01 [INFO]: SQL Query: Executing (default): SELECT TABLE_NAME FROM INFORMATION_SCHEMA.TABLES WHERE TABLE_TYPE = 'BASE TABLE' AND TABLE_NAME = 'DeliveryRoutings' AND TABLE_SCHEMA = 'laundry_project_db'
2024-03-03 12:52:01 [INFO]: SQL Query: Executing (default): SELECT TABLE_NAME FROM INFORMATION_SCHEMA.TABLES WHERE TABLE_TYPE = 'BASE TABLE' AND TABLE_NAME = 'DeliveryPoints' AND TABLE_SCHEMA = 'laundry_project_db'
2024-03-03 12:52:01 [INFO]: SQL Query: Executing (default): SELECT TABLE_NAME FROM INFORMATION_SCHEMA.TABLES WHERE TABLE_TYPE = 'BASE TABLE' AND TABLE_NAME = 'DeliveryWorkers' AND TABLE_SCHEMA = 'laundry_project_db'
2024-03-03 12:52:01 [INFO]: SQL Query: Executing (default): SELECT TABLE_NAME FROM INFORMATION_SCHEMA.TABLES WHERE TABLE_TYPE = 'BASE TABLE' AND TABLE_NAME = 'Invoices' AND TABLE_SCHEMA = 'laundry_project_db'
2024-03-03 12:52:01 [INFO]: SQL Query: Executing (default): SELECT TABLE_NAME FROM INFORMATION_SCHEMA.TABLES WHERE TABLE_TYPE = 'BASE TABLE' AND TABLE_NAME = 'InvoiceItems' AND TABLE_SCHEMA = 'laundry_project_db'
2024-03-03 12:52:01 [INFO]: SQL Query: Executing (default): SHOW INDEX FROM `ClientHistories`
2024-03-03 12:52:01 [INFO]: SQL Query: Executing (default): SHOW INDEX FROM `BranchHistories`
2024-03-03 12:52:01 [INFO]: SQL Query: Executing (default): SHOW INDEX FROM `UserHistories`
2024-03-03 12:52:01 [INFO]: SQL Query: Executing (default): SHOW INDEX FROM `Operators`
2024-03-03 12:52:01 [INFO]: SQL Query: Executing (default): SHOW INDEX FROM `OperatorHistories`
2024-03-03 12:52:01 [INFO]: SQL Query: Executing (default): SHOW INDEX FROM `ServiceHistories`
2024-03-03 12:52:01 [INFO]: Client History Database synchronized
2024-03-03 12:52:01 [INFO]: SQL Query: Executing (default): SHOW INDEX FROM `ServicePreferenceHistories`
2024-03-03 12:52:01 [INFO]: User History Database synchronized
2024-03-03 12:52:01 [INFO]: SQL Query: Executing (default): SHOW INDEX FROM `ServiceOptionHistories`
2024-03-03 12:52:01 [INFO]: Branch History Database synchronized
2024-03-03 12:52:01 [INFO]: SQL Query: Executing (default): SHOW INDEX FROM `DeliveryTypeHistories`
2024-03-03 12:52:01 [INFO]: Operator table created (if not exists) successfully
2024-03-03 12:52:01 [INFO]: SQL Query: Executing (default): SHOW INDEX FROM `ItemServiceHistories`
2024-03-03 12:52:01 [INFO]: Operator History Database synchronized
2024-03-03 12:52:01 [INFO]: SQL Query: Executing (default): SHOW INDEX FROM `OrderHistories`
2024-03-03 12:52:01 [INFO]: Service History Database synchronized
2024-03-03 12:52:01 [INFO]: SQL Query: Executing (default): SHOW INDEX FROM `LocationHistories`
2024-03-03 12:52:01 [INFO]: ServicePreference History Database synchronized
2024-03-03 12:52:01 [INFO]: SQL Query: Executing (default): SHOW INDEX FROM `DeliveryRoutingHistories`
2024-03-03 12:52:01 [INFO]: ServiceOption History Database synchronized
2024-03-03 12:52:01 [INFO]: SQL Query: Executing (default): SHOW INDEX FROM `DeliveryPointHistories`
2024-03-03 12:52:01 [INFO]: DeliveryType History Database synchronized
2024-03-03 12:52:01 [INFO]: SQL Query: Executing (default): SHOW INDEX FROM `DeliveryWorkerHistories`
2024-03-03 12:52:01 [INFO]: ItemService History Database synchronized
2024-03-03 12:52:01 [INFO]: SQL Query: Executing (default): SHOW INDEX FROM `InvoiceHistories`
2024-03-03 12:52:01 [INFO]: Order History Database synchronized
2024-03-03 12:52:01 [INFO]: SQL Query: Executing (default): CREATE TABLE IF NOT EXISTS `ClothesTypeHistories` (`id` INTEGER NOT NULL auto_increment , `clothesTypeId` CHAR(36) BINARY NOT NULL, `action` VARCHAR(255) NOT NULL, `changes` JSON, `previousData` JSON, `timestamp` DATETIME NOT NULL, `createdAt` DATETIME NOT NULL, `updatedAt` DATETIME NOT NULL, PRIMARY KEY (`id`)) ENGINE=InnoDB;
2024-03-03 12:52:01 [INFO]: Location History Database synchronized
2024-03-03 12:52:01 [INFO]: SQL Query: Executing (default): SHOW INDEX FROM `InvoiceItemHistories`
2024-03-03 12:52:01 [INFO]: DeliveryRouting History Database synchronized
2024-03-03 12:52:01 [INFO]: SQL Query: Executing (default): SHOW INDEX FROM `Users`
2024-03-03 12:52:01 [INFO]: DeliveryPoint History Database synchronized
2024-03-03 12:52:01 [INFO]: SQL Query: Executing (default): SHOW INDEX FROM `Clients`
2024-03-03 12:52:01 [INFO]: DeliveryWorker History Database synchronized
2024-03-03 12:52:01 [INFO]: SQL Query: Executing (default): SHOW INDEX FROM `Branches`
2024-03-03 12:52:01 [INFO]: Invoice History Database synchronized
2024-03-03 12:52:01 [INFO]: SQL Query: Executing (default): SHOW INDEX FROM `DeliveryTypes`
2024-03-03 12:52:01 [INFO]: InvoiceItem History Database synchronized
2024-03-03 12:52:01 [INFO]: SQL Query: Executing (default): SHOW INDEX FROM `ServiceOptions`
2024-03-03 12:52:01 [INFO]: User table created (if not exists) successfully
2024-03-03 12:52:01 [INFO]: SQL Query: Executing (default): SHOW INDEX FROM `ServicePreferences`
2024-03-03 12:52:01 [INFO]: Client table created (if not exists) successfully
2024-03-03 12:52:01 [INFO]: SQL Query: Executing (default): SHOW INDEX FROM `ClothesTypes`
2024-03-03 12:52:01 [INFO]: Branch table created (if not exists) successfully
2024-03-03 12:52:01 [INFO]: SQL Query: Executing (default): SHOW INDEX FROM `Services`
2024-03-03 12:52:01 [INFO]: DeliveryType table created (if not exists) successfully
2024-03-03 12:52:01 [INFO]: SQL Query: Executing (default): SHOW INDEX FROM `ItemServices`
2024-03-03 12:52:01 [INFO]: ServiceOption table created (if not exists) successfully
2024-03-03 12:52:01 [INFO]: SQL Query: Executing (default): SHOW INDEX FROM `Orders`
2024-03-03 12:52:01 [INFO]: ServicePreference table created (if not exists) successfully
2024-03-03 12:52:01 [INFO]: SQL Query: Executing (default): SHOW INDEX FROM `Locations`
2024-03-03 12:52:01 [INFO]: ClothesType table created (if not exists) successfully
2024-03-03 12:52:01 [INFO]: SQL Query: Executing (default): SHOW INDEX FROM `DeliveryRoutings`
2024-03-03 12:52:01 [INFO]: Service table created (if not exists) successfully
2024-03-03 12:52:01 [INFO]: SQL Query: Executing (default): SHOW INDEX FROM `DeliveryPoints`
2024-03-03 12:52:01 [INFO]: ItemService table created (if not exists) successfully
2024-03-03 12:52:01 [INFO]: SQL Query: Executing (default): SHOW INDEX FROM `DeliveryWorkers`
2024-03-03 12:52:01 [INFO]: Order table created (if not exists) successfully
2024-03-03 12:52:01 [INFO]: SQL Query: Executing (default): SHOW INDEX FROM `Invoices`
2024-03-03 12:52:01 [INFO]: SQL Query: Executing (default): SHOW INDEX FROM `InvoiceItems`
2024-03-03 12:52:01 [INFO]: Location table created (if not exists) successfully
2024-03-03 12:52:01 [INFO]: SQL Query: Executing (default): SHOW INDEX FROM `ClothesTypeHistories`
2024-03-03 12:52:01 [INFO]: DeliveryRouting table created (if not exists) successfully
2024-03-03 12:52:01 [INFO]: DeliveryPoint table created (if not exists) successfully
2024-03-03 12:52:01 [INFO]: DeliveryWorker table created (if not exists) successfully
2024-03-03 12:52:01 [INFO]: Invoice table created (if not exists) successfully
2024-03-03 12:52:01 [INFO]: InvoiceItem table created (if not exists) successfully
2024-03-03 12:52:01 [INFO]: ClothesType History Database synchronized
2024-03-03 12:57:07 [INFO]: App running on port 3000...
2024-03-03 12:57:07 [INFO]: SQL Query: Executing (default): SELECT 1+1 AS result
2024-03-03 12:57:07 [INFO]: SQL Query: Executing (default): SELECT TABLE_NAME FROM INFORMATION_SCHEMA.TABLES WHERE TABLE_TYPE = 'BASE TABLE' AND TABLE_NAME = 'ClientHistories' AND TABLE_SCHEMA = 'laundry_project_db'
2024-03-03 12:57:07 [INFO]: SQL Query: Executing (default): SELECT TABLE_NAME FROM INFORMATION_SCHEMA.TABLES WHERE TABLE_TYPE = 'BASE TABLE' AND TABLE_NAME = 'BranchHistories' AND TABLE_SCHEMA = 'laundry_project_db'
2024-03-03 12:57:07 [INFO]: SQL Query: Executing (default): SELECT TABLE_NAME FROM INFORMATION_SCHEMA.TABLES WHERE TABLE_TYPE = 'BASE TABLE' AND TABLE_NAME = 'UserHistories' AND TABLE_SCHEMA = 'laundry_project_db'
2024-03-03 12:57:07 [INFO]: SQL Query: Executing (default): SELECT TABLE_NAME FROM INFORMATION_SCHEMA.TABLES WHERE TABLE_TYPE = 'BASE TABLE' AND TABLE_NAME = 'OperatorHistories' AND TABLE_SCHEMA = 'laundry_project_db'
2024-03-03 12:57:07 [INFO]: SQL Query: Executing (default): SELECT TABLE_NAME FROM INFORMATION_SCHEMA.TABLES WHERE TABLE_TYPE = 'BASE TABLE' AND TABLE_NAME = 'Operators' AND TABLE_SCHEMA = 'laundry_project_db'
2024-03-03 12:57:07 [INFO]: Connection to database has been established successfully.
2024-03-03 12:57:07 [INFO]: SQL Query: Executing (default): SELECT TABLE_NAME FROM INFORMATION_SCHEMA.TABLES WHERE TABLE_TYPE = 'BASE TABLE' AND TABLE_NAME = 'ServiceHistories' AND TABLE_SCHEMA = 'laundry_project_db'
2024-03-03 12:57:07 [INFO]: SQL Query: Executing (default): DROP TABLE IF EXISTS `ClothesTypeHistories`;
2024-03-03 12:57:07 [INFO]: SQL Query: Executing (default): SELECT TABLE_NAME FROM INFORMATION_SCHEMA.TABLES WHERE TABLE_TYPE = 'BASE TABLE' AND TABLE_NAME = 'ServicePreferenceHistories' AND TABLE_SCHEMA = 'laundry_project_db'
2024-03-03 12:57:07 [INFO]: SQL Query: Executing (default): SELECT TABLE_NAME FROM INFORMATION_SCHEMA.TABLES WHERE TABLE_TYPE = 'BASE TABLE' AND TABLE_NAME = 'ServiceOptionHistories' AND TABLE_SCHEMA = 'laundry_project_db'
2024-03-03 12:57:07 [INFO]: SQL Query: Executing (default): SELECT TABLE_NAME FROM INFORMATION_SCHEMA.TABLES WHERE TABLE_TYPE = 'BASE TABLE' AND TABLE_NAME = 'DeliveryTypeHistories' AND TABLE_SCHEMA = 'laundry_project_db'
2024-03-03 12:57:07 [INFO]: SQL Query: Executing (default): SELECT TABLE_NAME FROM INFORMATION_SCHEMA.TABLES WHERE TABLE_TYPE = 'BASE TABLE' AND TABLE_NAME = 'ItemServiceHistories' AND TABLE_SCHEMA = 'laundry_project_db'
2024-03-03 12:57:07 [INFO]: SQL Query: Executing (default): SELECT TABLE_NAME FROM INFORMATION_SCHEMA.TABLES WHERE TABLE_TYPE = 'BASE TABLE' AND TABLE_NAME = 'OrderHistories' AND TABLE_SCHEMA = 'laundry_project_db'
2024-03-03 12:57:07 [INFO]: SQL Query: Executing (default): SELECT TABLE_NAME FROM INFORMATION_SCHEMA.TABLES WHERE TABLE_TYPE = 'BASE TABLE' AND TABLE_NAME = 'LocationHistories' AND TABLE_SCHEMA = 'laundry_project_db'
2024-03-03 12:57:07 [INFO]: SQL Query: Executing (default): SELECT TABLE_NAME FROM INFORMATION_SCHEMA.TABLES WHERE TABLE_TYPE = 'BASE TABLE' AND TABLE_NAME = 'DeliveryRoutingHistories' AND TABLE_SCHEMA = 'laundry_project_db'
2024-03-03 12:57:07 [INFO]: SQL Query: Executing (default): SELECT TABLE_NAME FROM INFORMATION_SCHEMA.TABLES WHERE TABLE_TYPE = 'BASE TABLE' AND TABLE_NAME = 'DeliveryPointHistories' AND TABLE_SCHEMA = 'laundry_project_db'
2024-03-03 12:57:07 [INFO]: SQL Query: Executing (default): SELECT TABLE_NAME FROM INFORMATION_SCHEMA.TABLES WHERE TABLE_TYPE = 'BASE TABLE' AND TABLE_NAME = 'DeliveryWorkerHistories' AND TABLE_SCHEMA = 'laundry_project_db'
2024-03-03 12:57:07 [INFO]: SQL Query: Executing (default): SELECT TABLE_NAME FROM INFORMATION_SCHEMA.TABLES WHERE TABLE_TYPE = 'BASE TABLE' AND TABLE_NAME = 'InvoiceHistories' AND TABLE_SCHEMA = 'laundry_project_db'
2024-03-03 12:57:07 [INFO]: SQL Query: Executing (default): SELECT TABLE_NAME FROM INFORMATION_SCHEMA.TABLES WHERE TABLE_TYPE = 'BASE TABLE' AND TABLE_NAME = 'InvoiceItemHistories' AND TABLE_SCHEMA = 'laundry_project_db'
2024-03-03 12:57:07 [INFO]: SQL Query: Executing (default): SELECT TABLE_NAME FROM INFORMATION_SCHEMA.TABLES WHERE TABLE_TYPE = 'BASE TABLE' AND TABLE_NAME = 'Users' AND TABLE_SCHEMA = 'laundry_project_db'
2024-03-03 12:57:07 [INFO]: SQL Query: Executing (default): SELECT TABLE_NAME FROM INFORMATION_SCHEMA.TABLES WHERE TABLE_TYPE = 'BASE TABLE' AND TABLE_NAME = 'Clients' AND TABLE_SCHEMA = 'laundry_project_db'
2024-03-03 12:57:07 [INFO]: SQL Query: Executing (default): SELECT TABLE_NAME FROM INFORMATION_SCHEMA.TABLES WHERE TABLE_TYPE = 'BASE TABLE' AND TABLE_NAME = 'Branches' AND TABLE_SCHEMA = 'laundry_project_db'
2024-03-03 12:57:07 [INFO]: SQL Query: Executing (default): SELECT TABLE_NAME FROM INFORMATION_SCHEMA.TABLES WHERE TABLE_TYPE = 'BASE TABLE' AND TABLE_NAME = 'DeliveryTypes' AND TABLE_SCHEMA = 'laundry_project_db'
2024-03-03 12:57:07 [INFO]: SQL Query: Executing (default): SELECT TABLE_NAME FROM INFORMATION_SCHEMA.TABLES WHERE TABLE_TYPE = 'BASE TABLE' AND TABLE_NAME = 'ServiceOptions' AND TABLE_SCHEMA = 'laundry_project_db'
2024-03-03 12:57:07 [INFO]: SQL Query: Executing (default): SELECT TABLE_NAME FROM INFORMATION_SCHEMA.TABLES WHERE TABLE_TYPE = 'BASE TABLE' AND TABLE_NAME = 'ServicePreferences' AND TABLE_SCHEMA = 'laundry_project_db'
2024-03-03 12:57:07 [INFO]: SQL Query: Executing (default): SELECT TABLE_NAME FROM INFORMATION_SCHEMA.TABLES WHERE TABLE_TYPE = 'BASE TABLE' AND TABLE_NAME = 'ClothesTypes' AND TABLE_SCHEMA = 'laundry_project_db'
2024-03-03 12:57:07 [INFO]: SQL Query: Executing (default): SELECT TABLE_NAME FROM INFORMATION_SCHEMA.TABLES WHERE TABLE_TYPE = 'BASE TABLE' AND TABLE_NAME = 'Services' AND TABLE_SCHEMA = 'laundry_project_db'
2024-03-03 12:57:07 [INFO]: SQL Query: Executing (default): SELECT TABLE_NAME FROM INFORMATION_SCHEMA.TABLES WHERE TABLE_TYPE = 'BASE TABLE' AND TABLE_NAME = 'ItemServices' AND TABLE_SCHEMA = 'laundry_project_db'
2024-03-03 12:57:07 [INFO]: SQL Query: Executing (default): SELECT TABLE_NAME FROM INFORMATION_SCHEMA.TABLES WHERE TABLE_TYPE = 'BASE TABLE' AND TABLE_NAME = 'Orders' AND TABLE_SCHEMA = 'laundry_project_db'
2024-03-03 12:57:07 [INFO]: SQL Query: Executing (default): SELECT TABLE_NAME FROM INFORMATION_SCHEMA.TABLES WHERE TABLE_TYPE = 'BASE TABLE' AND TABLE_NAME = 'Locations' AND TABLE_SCHEMA = 'laundry_project_db'
2024-03-03 12:57:07 [INFO]: SQL Query: Executing (default): SELECT TABLE_NAME FROM INFORMATION_SCHEMA.TABLES WHERE TABLE_TYPE = 'BASE TABLE' AND TABLE_NAME = 'DeliveryRoutings' AND TABLE_SCHEMA = 'laundry_project_db'
2024-03-03 12:57:07 [INFO]: SQL Query: Executing (default): SELECT TABLE_NAME FROM INFORMATION_SCHEMA.TABLES WHERE TABLE_TYPE = 'BASE TABLE' AND TABLE_NAME = 'DeliveryPoints' AND TABLE_SCHEMA = 'laundry_project_db'
2024-03-03 12:57:07 [INFO]: SQL Query: Executing (default): SELECT TABLE_NAME FROM INFORMATION_SCHEMA.TABLES WHERE TABLE_TYPE = 'BASE TABLE' AND TABLE_NAME = 'DeliveryWorkers' AND TABLE_SCHEMA = 'laundry_project_db'
2024-03-03 12:57:07 [INFO]: SQL Query: Executing (default): SELECT TABLE_NAME FROM INFORMATION_SCHEMA.TABLES WHERE TABLE_TYPE = 'BASE TABLE' AND TABLE_NAME = 'Invoices' AND TABLE_SCHEMA = 'laundry_project_db'
2024-03-03 12:57:07 [INFO]: SQL Query: Executing (default): SELECT TABLE_NAME FROM INFORMATION_SCHEMA.TABLES WHERE TABLE_TYPE = 'BASE TABLE' AND TABLE_NAME = 'InvoiceItems' AND TABLE_SCHEMA = 'laundry_project_db'
2024-03-03 12:57:07 [INFO]: SQL Query: Executing (default): SHOW INDEX FROM `ClientHistories`
2024-03-03 12:57:07 [INFO]: SQL Query: Executing (default): SHOW INDEX FROM `BranchHistories`
2024-03-03 12:57:07 [INFO]: SQL Query: Executing (default): SHOW INDEX FROM `OperatorHistories`
2024-03-03 12:57:07 [INFO]: SQL Query: Executing (default): SHOW INDEX FROM `UserHistories`
2024-03-03 12:57:07 [INFO]: SQL Query: Executing (default): SHOW INDEX FROM `Operators`
2024-03-03 12:57:07 [INFO]: SQL Query: Executing (default): SHOW INDEX FROM `ServiceHistories`
2024-03-03 12:57:07 [INFO]: Client History Database synchronized
2024-03-03 12:57:07 [INFO]: SQL Query: Executing (default): SHOW INDEX FROM `ServicePreferenceHistories`
2024-03-03 12:57:07 [INFO]: Branch History Database synchronized
2024-03-03 12:57:07 [INFO]: SQL Query: Executing (default): SHOW INDEX FROM `ServiceOptionHistories`
2024-03-03 12:57:07 [INFO]: Operator History Database synchronized
2024-03-03 12:57:07 [INFO]: SQL Query: Executing (default): SHOW INDEX FROM `DeliveryTypeHistories`
2024-03-03 12:57:07 [INFO]: User History Database synchronized
2024-03-03 12:57:07 [INFO]: SQL Query: Executing (default): SHOW INDEX FROM `ItemServiceHistories`
2024-03-03 12:57:07 [INFO]: Operator table created (if not exists) successfully
2024-03-03 12:57:07 [INFO]: SQL Query: Executing (default): SHOW INDEX FROM `OrderHistories`
2024-03-03 12:57:07 [INFO]: Service History Database synchronized
2024-03-03 12:57:07 [INFO]: SQL Query: Executing (default): SHOW INDEX FROM `LocationHistories`
2024-03-03 12:57:07 [INFO]: ServicePreference History Database synchronized
2024-03-03 12:57:07 [INFO]: SQL Query: Executing (default): SHOW INDEX FROM `DeliveryRoutingHistories`
2024-03-03 12:57:07 [INFO]: ServiceOption History Database synchronized
2024-03-03 12:57:07 [INFO]: SQL Query: Executing (default): SHOW INDEX FROM `DeliveryPointHistories`
2024-03-03 12:57:07 [INFO]: DeliveryType History Database synchronized
2024-03-03 12:57:07 [INFO]: SQL Query: Executing (default): SHOW INDEX FROM `DeliveryWorkerHistories`
2024-03-03 12:57:07 [INFO]: ItemService History Database synchronized
2024-03-03 12:57:07 [INFO]: SQL Query: Executing (default): SHOW INDEX FROM `InvoiceHistories`
2024-03-03 12:57:07 [INFO]: Order History Database synchronized
2024-03-03 12:57:07 [INFO]: SQL Query: Executing (default): SHOW INDEX FROM `InvoiceItemHistories`
2024-03-03 12:57:07 [INFO]: Location History Database synchronized
2024-03-03 12:57:07 [INFO]: SQL Query: Executing (default): CREATE TABLE IF NOT EXISTS `ClothesTypeHistories` (`id` INTEGER NOT NULL auto_increment , `clothesTypeId` CHAR(36) BINARY NOT NULL, `action` VARCHAR(255) NOT NULL, `changes` JSON, `previousData` JSON, `timestamp` DATETIME NOT NULL, `createdAt` DATETIME NOT NULL, `updatedAt` DATETIME NOT NULL, PRIMARY KEY (`id`)) ENGINE=InnoDB;
2024-03-03 12:57:07 [INFO]: DeliveryRouting History Database synchronized
2024-03-03 12:57:07 [INFO]: SQL Query: Executing (default): SHOW INDEX FROM `Users`
2024-03-03 12:57:07 [INFO]: DeliveryPoint History Database synchronized
2024-03-03 12:57:07 [INFO]: SQL Query: Executing (default): SHOW INDEX FROM `ServiceOptions`
2024-03-03 12:57:07 [INFO]: DeliveryWorker History Database synchronized
2024-03-03 12:57:07 [INFO]: SQL Query: Executing (default): SHOW INDEX FROM `Clients`
2024-03-03 12:57:07 [INFO]: Invoice History Database synchronized
2024-03-03 12:57:07 [INFO]: SQL Query: Executing (default): SHOW INDEX FROM `Branches`
2024-03-03 12:57:07 [INFO]: InvoiceItem History Database synchronized
2024-03-03 12:57:07 [INFO]: SQL Query: Executing (default): SHOW INDEX FROM `DeliveryTypes`
2024-03-03 12:57:07 [INFO]: User table created (if not exists) successfully
2024-03-03 12:57:07 [INFO]: SQL Query: Executing (default): SHOW INDEX FROM `ServicePreferences`
2024-03-03 12:57:07 [INFO]: ServiceOption table created (if not exists) successfully
2024-03-03 12:57:07 [INFO]: SQL Query: Executing (default): SHOW INDEX FROM `ClothesTypes`
2024-03-03 12:57:07 [INFO]: Client table created (if not exists) successfully
2024-03-03 12:57:07 [INFO]: SQL Query: Executing (default): SHOW INDEX FROM `Services`
2024-03-03 12:57:07 [INFO]: Branch table created (if not exists) successfully
2024-03-03 12:57:07 [INFO]: SQL Query: Executing (default): SHOW INDEX FROM `ItemServices`
2024-03-03 12:57:07 [INFO]: DeliveryType table created (if not exists) successfully
2024-03-03 12:57:07 [INFO]: SQL Query: Executing (default): SHOW INDEX FROM `Orders`
2024-03-03 12:57:07 [INFO]: ServicePreference table created (if not exists) successfully
2024-03-03 12:57:07 [INFO]: SQL Query: Executing (default): SHOW INDEX FROM `Locations`
2024-03-03 12:57:07 [INFO]: ClothesType table created (if not exists) successfully
2024-03-03 12:57:07 [INFO]: SQL Query: Executing (default): SHOW INDEX FROM `DeliveryRoutings`
2024-03-03 12:57:07 [INFO]: Service table created (if not exists) successfully
2024-03-03 12:57:07 [INFO]: SQL Query: Executing (default): SHOW INDEX FROM `DeliveryPoints`
2024-03-03 12:57:07 [INFO]: ItemService table created (if not exists) successfully
2024-03-03 12:57:07 [INFO]: SQL Query: Executing (default): SHOW INDEX FROM `DeliveryWorkers`
2024-03-03 12:57:07 [INFO]: Order table created (if not exists) successfully
2024-03-03 12:57:07 [INFO]: SQL Query: Executing (default): SHOW INDEX FROM `Invoices`
2024-03-03 12:57:07 [INFO]: Location table created (if not exists) successfully
2024-03-03 12:57:07 [INFO]: SQL Query: Executing (default): SHOW INDEX FROM `InvoiceItems`
2024-03-03 12:57:07 [INFO]: DeliveryRouting table created (if not exists) successfully
2024-03-03 12:57:07 [INFO]: DeliveryPoint table created (if not exists) successfully
2024-03-03 12:57:07 [INFO]: DeliveryWorker table created (if not exists) successfully
2024-03-03 12:57:07 [INFO]: Invoice table created (if not exists) successfully
2024-03-03 12:57:07 [INFO]: InvoiceItem table created (if not exists) successfully
2024-03-03 12:57:07 [INFO]: SQL Query: Executing (default): SHOW INDEX FROM `ClothesTypeHistories`
2024-03-03 12:57:07 [INFO]: ClothesType History Database synchronized
2024-03-03 13:12:34 [INFO]: SQL Query: Executing (default): SELECT `User`.`id`, `User`.`name`, `User`.`email`, `User`.`emailVerified`, `User`.`password`, `User`.`photo`, `User`.`role`, `User`.`branch`, `User`.`mobileNumber`, `User`.`mobileNumberVerified`, `User`.`version`, `User`.`passwordChangedAt`, `User`.`passwordResetToken`, `User`.`passwordResetExpires`, `User`.`loginAttempts`, `User`.`lockUntil`, `User`.`invitationToken`, `User`.`mobileVerificationNumber`, `User`.`mobileVerificationNumberExpires`, `User`.`createdAt`, `User`.`lastUpdatedAt`, `User`.`deletedAt`, `branchIdFk`.`id` AS `branchIdFk.id`, `branchIdFk`.`name` AS `branchIdFk.name`, `clientIdFk`.`id` AS `clientIdFk.id`, `clientIdFk`.`lastLocation` AS `clientIdFk.lastLocation`, `clientIdFk`.`successfulOrders` AS `clientIdFk.successfulOrders`, `operatorIdFk`.`id` AS `operatorIdFk.id`, `operatorIdFk`.`ordersInHand` AS `operatorIdFk.ordersInHand` FROM `Users` AS `User` LEFT OUTER JOIN `Branches` AS `branchIdFk` ON `User`.`branch` = `branchIdFk`.`id` AND (`branchIdFk`.`deletedAt` IS NULL) LEFT OUTER JOIN `Clients` AS `clientIdFk` ON `User`.`id` = `clientIdFk`.`userId` AND (`clientIdFk`.`deletedAt` IS NULL) LEFT OUTER JOIN `Operators` AS `operatorIdFk` ON `User`.`id` = `operatorIdFk`.`userId` AND (`operatorIdFk`.`deletedAt` IS NULL) WHERE (`User`.`deletedAt` IS NULL AND `User`.`deletedAt` IS NULL) ORDER BY `User`.`createdAt` DESC LIMIT 0, 10;
2024-03-03 13:14:31 [INFO]: App running on port 3000...
2024-03-03 13:14:31 [INFO]: SQL Query: Executing (default): SELECT 1+1 AS result
2024-03-03 13:14:31 [INFO]: SQL Query: Executing (default): SELECT TABLE_NAME FROM INFORMATION_SCHEMA.TABLES WHERE TABLE_TYPE = 'BASE TABLE' AND TABLE_NAME = 'ClientHistories' AND TABLE_SCHEMA = 'laundry_project_db'
2024-03-03 13:14:31 [INFO]: SQL Query: Executing (default): SELECT TABLE_NAME FROM INFORMATION_SCHEMA.TABLES WHERE TABLE_TYPE = 'BASE TABLE' AND TABLE_NAME = 'BranchHistories' AND TABLE_SCHEMA = 'laundry_project_db'
2024-03-03 13:14:31 [INFO]: SQL Query: Executing (default): SELECT TABLE_NAME FROM INFORMATION_SCHEMA.TABLES WHERE TABLE_TYPE = 'BASE TABLE' AND TABLE_NAME = 'UserHistories' AND TABLE_SCHEMA = 'laundry_project_db'
2024-03-03 13:14:31 [INFO]: SQL Query: Executing (default): SELECT TABLE_NAME FROM INFORMATION_SCHEMA.TABLES WHERE TABLE_TYPE = 'BASE TABLE' AND TABLE_NAME = 'OperatorHistories' AND TABLE_SCHEMA = 'laundry_project_db'
2024-03-03 13:14:31 [INFO]: SQL Query: Executing (default): SELECT TABLE_NAME FROM INFORMATION_SCHEMA.TABLES WHERE TABLE_TYPE = 'BASE TABLE' AND TABLE_NAME = 'Operators' AND TABLE_SCHEMA = 'laundry_project_db'
2024-03-03 13:14:31 [INFO]: Connection to database has been established successfully.
2024-03-03 13:14:31 [INFO]: SQL Query: Executing (default): SELECT TABLE_NAME FROM INFORMATION_SCHEMA.TABLES WHERE TABLE_TYPE = 'BASE TABLE' AND TABLE_NAME = 'ServiceHistories' AND TABLE_SCHEMA = 'laundry_project_db'
2024-03-03 13:14:31 [INFO]: SQL Query: Executing (default): DROP TABLE IF EXISTS `ClothesTypeHistories`;
2024-03-03 13:14:31 [INFO]: SQL Query: Executing (default): SELECT TABLE_NAME FROM INFORMATION_SCHEMA.TABLES WHERE TABLE_TYPE = 'BASE TABLE' AND TABLE_NAME = 'ServicePreferenceHistories' AND TABLE_SCHEMA = 'laundry_project_db'
2024-03-03 13:14:31 [INFO]: SQL Query: Executing (default): SELECT TABLE_NAME FROM INFORMATION_SCHEMA.TABLES WHERE TABLE_TYPE = 'BASE TABLE' AND TABLE_NAME = 'ServiceOptionHistories' AND TABLE_SCHEMA = 'laundry_project_db'
2024-03-03 13:14:31 [INFO]: SQL Query: Executing (default): SELECT TABLE_NAME FROM INFORMATION_SCHEMA.TABLES WHERE TABLE_TYPE = 'BASE TABLE' AND TABLE_NAME = 'DeliveryTypeHistories' AND TABLE_SCHEMA = 'laundry_project_db'
2024-03-03 13:14:31 [INFO]: SQL Query: Executing (default): SELECT TABLE_NAME FROM INFORMATION_SCHEMA.TABLES WHERE TABLE_TYPE = 'BASE TABLE' AND TABLE_NAME = 'ItemServiceHistories' AND TABLE_SCHEMA = 'laundry_project_db'
2024-03-03 13:14:31 [INFO]: SQL Query: Executing (default): SELECT TABLE_NAME FROM INFORMATION_SCHEMA.TABLES WHERE TABLE_TYPE = 'BASE TABLE' AND TABLE_NAME = 'OrderHistories' AND TABLE_SCHEMA = 'laundry_project_db'
2024-03-03 13:14:31 [INFO]: SQL Query: Executing (default): SELECT TABLE_NAME FROM INFORMATION_SCHEMA.TABLES WHERE TABLE_TYPE = 'BASE TABLE' AND TABLE_NAME = 'LocationHistories' AND TABLE_SCHEMA = 'laundry_project_db'
2024-03-03 13:14:31 [INFO]: SQL Query: Executing (default): SELECT TABLE_NAME FROM INFORMATION_SCHEMA.TABLES WHERE TABLE_TYPE = 'BASE TABLE' AND TABLE_NAME = 'DeliveryRoutingHistories' AND TABLE_SCHEMA = 'laundry_project_db'
2024-03-03 13:14:31 [INFO]: SQL Query: Executing (default): SELECT TABLE_NAME FROM INFORMATION_SCHEMA.TABLES WHERE TABLE_TYPE = 'BASE TABLE' AND TABLE_NAME = 'DeliveryPointHistories' AND TABLE_SCHEMA = 'laundry_project_db'
2024-03-03 13:14:31 [INFO]: SQL Query: Executing (default): SELECT TABLE_NAME FROM INFORMATION_SCHEMA.TABLES WHERE TABLE_TYPE = 'BASE TABLE' AND TABLE_NAME = 'DeliveryWorkerHistories' AND TABLE_SCHEMA = 'laundry_project_db'
2024-03-03 13:14:31 [INFO]: SQL Query: Executing (default): SELECT TABLE_NAME FROM INFORMATION_SCHEMA.TABLES WHERE TABLE_TYPE = 'BASE TABLE' AND TABLE_NAME = 'InvoiceHistories' AND TABLE_SCHEMA = 'laundry_project_db'
2024-03-03 13:14:31 [INFO]: SQL Query: Executing (default): SELECT TABLE_NAME FROM INFORMATION_SCHEMA.TABLES WHERE TABLE_TYPE = 'BASE TABLE' AND TABLE_NAME = 'InvoiceItemHistories' AND TABLE_SCHEMA = 'laundry_project_db'
2024-03-03 13:14:31 [INFO]: SQL Query: Executing (default): SELECT TABLE_NAME FROM INFORMATION_SCHEMA.TABLES WHERE TABLE_TYPE = 'BASE TABLE' AND TABLE_NAME = 'Users' AND TABLE_SCHEMA = 'laundry_project_db'
2024-03-03 13:14:31 [INFO]: SQL Query: Executing (default): SELECT TABLE_NAME FROM INFORMATION_SCHEMA.TABLES WHERE TABLE_TYPE = 'BASE TABLE' AND TABLE_NAME = 'Clients' AND TABLE_SCHEMA = 'laundry_project_db'
2024-03-03 13:14:31 [INFO]: SQL Query: Executing (default): SELECT TABLE_NAME FROM INFORMATION_SCHEMA.TABLES WHERE TABLE_TYPE = 'BASE TABLE' AND TABLE_NAME = 'Branches' AND TABLE_SCHEMA = 'laundry_project_db'
2024-03-03 13:14:31 [INFO]: SQL Query: Executing (default): SELECT TABLE_NAME FROM INFORMATION_SCHEMA.TABLES WHERE TABLE_TYPE = 'BASE TABLE' AND TABLE_NAME = 'DeliveryTypes' AND TABLE_SCHEMA = 'laundry_project_db'
2024-03-03 13:14:31 [INFO]: SQL Query: Executing (default): SELECT TABLE_NAME FROM INFORMATION_SCHEMA.TABLES WHERE TABLE_TYPE = 'BASE TABLE' AND TABLE_NAME = 'ServiceOptions' AND TABLE_SCHEMA = 'laundry_project_db'
2024-03-03 13:14:31 [INFO]: SQL Query: Executing (default): SELECT TABLE_NAME FROM INFORMATION_SCHEMA.TABLES WHERE TABLE_TYPE = 'BASE TABLE' AND TABLE_NAME = 'ServicePreferences' AND TABLE_SCHEMA = 'laundry_project_db'
2024-03-03 13:14:31 [INFO]: SQL Query: Executing (default): SELECT TABLE_NAME FROM INFORMATION_SCHEMA.TABLES WHERE TABLE_TYPE = 'BASE TABLE' AND TABLE_NAME = 'ClothesTypes' AND TABLE_SCHEMA = 'laundry_project_db'
2024-03-03 13:14:31 [INFO]: SQL Query: Executing (default): SELECT TABLE_NAME FROM INFORMATION_SCHEMA.TABLES WHERE TABLE_TYPE = 'BASE TABLE' AND TABLE_NAME = 'Services' AND TABLE_SCHEMA = 'laundry_project_db'
2024-03-03 13:14:31 [INFO]: SQL Query: Executing (default): SELECT TABLE_NAME FROM INFORMATION_SCHEMA.TABLES WHERE TABLE_TYPE = 'BASE TABLE' AND TABLE_NAME = 'ItemServices' AND TABLE_SCHEMA = 'laundry_project_db'
2024-03-03 13:14:31 [INFO]: SQL Query: Executing (default): SELECT TABLE_NAME FROM INFORMATION_SCHEMA.TABLES WHERE TABLE_TYPE = 'BASE TABLE' AND TABLE_NAME = 'Orders' AND TABLE_SCHEMA = 'laundry_project_db'
2024-03-03 13:14:31 [INFO]: SQL Query: Executing (default): SELECT TABLE_NAME FROM INFORMATION_SCHEMA.TABLES WHERE TABLE_TYPE = 'BASE TABLE' AND TABLE_NAME = 'Locations' AND TABLE_SCHEMA = 'laundry_project_db'
2024-03-03 13:14:31 [INFO]: SQL Query: Executing (default): SELECT TABLE_NAME FROM INFORMATION_SCHEMA.TABLES WHERE TABLE_TYPE = 'BASE TABLE' AND TABLE_NAME = 'DeliveryRoutings' AND TABLE_SCHEMA = 'laundry_project_db'
2024-03-03 13:14:31 [INFO]: SQL Query: Executing (default): SELECT TABLE_NAME FROM INFORMATION_SCHEMA.TABLES WHERE TABLE_TYPE = 'BASE TABLE' AND TABLE_NAME = 'DeliveryPoints' AND TABLE_SCHEMA = 'laundry_project_db'
2024-03-03 13:14:31 [INFO]: SQL Query: Executing (default): SELECT TABLE_NAME FROM INFORMATION_SCHEMA.TABLES WHERE TABLE_TYPE = 'BASE TABLE' AND TABLE_NAME = 'DeliveryWorkers' AND TABLE_SCHEMA = 'laundry_project_db'
2024-03-03 13:14:31 [INFO]: SQL Query: Executing (default): SELECT TABLE_NAME FROM INFORMATION_SCHEMA.TABLES WHERE TABLE_TYPE = 'BASE TABLE' AND TABLE_NAME = 'Invoices' AND TABLE_SCHEMA = 'laundry_project_db'
2024-03-03 13:14:31 [INFO]: SQL Query: Executing (default): SELECT TABLE_NAME FROM INFORMATION_SCHEMA.TABLES WHERE TABLE_TYPE = 'BASE TABLE' AND TABLE_NAME = 'InvoiceItems' AND TABLE_SCHEMA = 'laundry_project_db'
2024-03-03 13:14:31 [INFO]: SQL Query: Executing (default): SHOW INDEX FROM `ClientHistories`
2024-03-03 13:14:31 [INFO]: SQL Query: Executing (default): SHOW INDEX FROM `UserHistories`
2024-03-03 13:14:31 [INFO]: SQL Query: Executing (default): SHOW INDEX FROM `BranchHistories`
2024-03-03 13:14:31 [INFO]: SQL Query: Executing (default): SHOW INDEX FROM `OperatorHistories`
2024-03-03 13:14:31 [INFO]: SQL Query: Executing (default): SHOW INDEX FROM `Operators`
2024-03-03 13:14:31 [INFO]: SQL Query: Executing (default): SHOW INDEX FROM `ServiceHistories`
2024-03-03 13:14:31 [INFO]: Client History Database synchronized
2024-03-03 13:14:31 [INFO]: SQL Query: Executing (default): SHOW INDEX FROM `ServicePreferenceHistories`
2024-03-03 13:14:31 [INFO]: User History Database synchronized
2024-03-03 13:14:31 [INFO]: SQL Query: Executing (default): SHOW INDEX FROM `ServiceOptionHistories`
2024-03-03 13:14:31 [INFO]: Operator table created (if not exists) successfully
2024-03-03 13:14:31 [INFO]: SQL Query: Executing (default): SHOW INDEX FROM `DeliveryTypeHistories`
2024-03-03 13:14:31 [INFO]: Branch History Database synchronized
2024-03-03 13:14:31 [INFO]: SQL Query: Executing (default): SHOW INDEX FROM `ItemServiceHistories`
2024-03-03 13:14:31 [INFO]: Operator History Database synchronized
2024-03-03 13:14:31 [INFO]: SQL Query: Executing (default): SHOW INDEX FROM `OrderHistories`
2024-03-03 13:14:31 [INFO]: Service History Database synchronized
2024-03-03 13:14:31 [INFO]: SQL Query: Executing (default): SHOW INDEX FROM `LocationHistories`
2024-03-03 13:14:31 [INFO]: ServicePreference History Database synchronized
2024-03-03 13:14:31 [INFO]: SQL Query: Executing (default): SHOW INDEX FROM `DeliveryRoutingHistories`
2024-03-03 13:14:31 [INFO]: ServiceOption History Database synchronized
2024-03-03 13:14:31 [INFO]: SQL Query: Executing (default): SHOW INDEX FROM `DeliveryPointHistories`
2024-03-03 13:14:31 [INFO]: DeliveryType History Database synchronized
2024-03-03 13:14:31 [INFO]: SQL Query: Executing (default): SHOW INDEX FROM `DeliveryWorkerHistories`
2024-03-03 13:14:31 [INFO]: ItemService History Database synchronized
2024-03-03 13:14:31 [INFO]: SQL Query: Executing (default): SHOW INDEX FROM `InvoiceHistories`
2024-03-03 13:14:31 [INFO]: Order History Database synchronized
2024-03-03 13:14:31 [INFO]: SQL Query: Executing (default): SHOW INDEX FROM `InvoiceItemHistories`
2024-03-03 13:14:31 [INFO]: Location History Database synchronized
2024-03-03 13:14:31 [INFO]: SQL Query: Executing (default): SHOW INDEX FROM `Users`
2024-03-03 13:14:31 [INFO]: DeliveryRouting History Database synchronized
2024-03-03 13:14:31 [INFO]: SQL Query: Executing (default): SHOW INDEX FROM `Clients`
2024-03-03 13:14:31 [INFO]: DeliveryPoint History Database synchronized
2024-03-03 13:14:31 [INFO]: SQL Query: Executing (default): SHOW INDEX FROM `Branches`
2024-03-03 13:14:31 [INFO]: DeliveryWorker History Database synchronized
2024-03-03 13:14:31 [INFO]: SQL Query: Executing (default): SHOW INDEX FROM `DeliveryTypes`
2024-03-03 13:14:31 [INFO]: Invoice History Database synchronized
2024-03-03 13:14:31 [INFO]: SQL Query: Executing (default): SHOW INDEX FROM `ServiceOptions`
2024-03-03 13:14:31 [INFO]: InvoiceItem History Database synchronized
2024-03-03 13:14:31 [INFO]: SQL Query: Executing (default): SHOW INDEX FROM `ServicePreferences`
2024-03-03 13:14:31 [INFO]: User table created (if not exists) successfully
2024-03-03 13:14:31 [INFO]: SQL Query: Executing (default): SHOW INDEX FROM `ClothesTypes`
2024-03-03 13:14:31 [INFO]: Client table created (if not exists) successfully
2024-03-03 13:14:31 [INFO]: SQL Query: Executing (default): SHOW INDEX FROM `Services`
2024-03-03 13:14:31 [INFO]: Branch table created (if not exists) successfully
2024-03-03 13:14:31 [INFO]: SQL Query: Executing (default): SHOW INDEX FROM `ItemServices`
2024-03-03 13:14:31 [INFO]: DeliveryType table created (if not exists) successfully
2024-03-03 13:14:31 [INFO]: SQL Query: Executing (default): SHOW INDEX FROM `Orders`
2024-03-03 13:14:31 [INFO]: ServiceOption table created (if not exists) successfully
2024-03-03 13:14:31 [INFO]: SQL Query: Executing (default): SHOW INDEX FROM `Locations`
2024-03-03 13:14:31 [INFO]: ServicePreference table created (if not exists) successfully
2024-03-03 13:14:31 [INFO]: SQL Query: Executing (default): SHOW INDEX FROM `DeliveryRoutings`
2024-03-03 13:14:31 [INFO]: ClothesType table created (if not exists) successfully
2024-03-03 13:14:31 [INFO]: SQL Query: Executing (default): SHOW INDEX FROM `DeliveryPoints`
2024-03-03 13:14:31 [INFO]: Service table created (if not exists) successfully
2024-03-03 13:14:31 [INFO]: SQL Query: Executing (default): SHOW INDEX FROM `DeliveryWorkers`
2024-03-03 13:14:31 [INFO]: ItemService table created (if not exists) successfully
2024-03-03 13:14:31 [INFO]: SQL Query: Executing (default): SHOW INDEX FROM `Invoices`
2024-03-03 13:14:31 [INFO]: Order table created (if not exists) successfully
2024-03-03 13:14:31 [INFO]: SQL Query: Executing (default): SHOW INDEX FROM `InvoiceItems`
2024-03-03 13:14:31 [INFO]: Location table created (if not exists) successfully
2024-03-03 13:14:31 [INFO]: SQL Query: Executing (default): CREATE TABLE IF NOT EXISTS `ClothesTypeHistories` (`id` INTEGER NOT NULL auto_increment , `clothesTypeId` CHAR(36) BINARY NOT NULL, `action` VARCHAR(255) NOT NULL, `changes` JSON, `previousData` JSON, `timestamp` DATETIME NOT NULL, `createdAt` DATETIME NOT NULL, `updatedAt` DATETIME NOT NULL, PRIMARY KEY (`id`)) ENGINE=InnoDB;
2024-03-03 13:14:31 [INFO]: DeliveryRouting table created (if not exists) successfully
2024-03-03 13:14:31 [INFO]: DeliveryPoint table created (if not exists) successfully
2024-03-03 13:14:31 [INFO]: DeliveryWorker table created (if not exists) successfully
2024-03-03 13:14:31 [INFO]: Invoice table created (if not exists) successfully
2024-03-03 13:14:31 [INFO]: InvoiceItem table created (if not exists) successfully
2024-03-03 13:14:31 [INFO]: SQL Query: Executing (default): SHOW INDEX FROM `ClothesTypeHistories`
2024-03-03 13:14:31 [INFO]: ClothesType History Database synchronized
2024-03-03 13:18:43 [INFO]: App running on port 3000...
2024-03-03 13:18:53 [ERROR]: Unable to connect to the database:  connect ETIMEDOUT
2024-03-03 16:58:36 [INFO]: App running on port 3000...
2024-03-03 16:58:46 [ERROR]: Unable to connect to the database:  connect ETIMEDOUT
2024-03-03 22:19:41 [INFO]: App running on port 3000...
2024-03-03 22:19:42 [ERROR]: Unable to connect to the database:  Host 'MAH' is not allowed to connect to this MySQL server
